<?xml version="1.0" ?>
<!DOCTYPE coverage SYSTEM "http://cobertura.sourceforge.net/xml/coverage-04.dtd">
<coverage lines-valid="286"  lines-covered="213"  line-rate="0.7448"  branches-valid="42"  branches-covered="20"  branch-rate="0.47619999999999996"  timestamp="1387764355461" complexity="0" version="0.1">
<sources>
	<source>/Users/arun.bakthavatchalam/skunkWorks/scraping</source>
</sources>
<packages>
	<package name="spec"  line-rate="0.991"  branch-rate="1" >
	<classes>
		<class name="TDDQuestionSpec.js"  filename="spec/TDDQuestionSpec.js"  line-rate="0.9167000000000001"  branch-rate="1" >
		<methods>
			<method name="(anonymous_1)"  hits="1"  signature="()V" >
				<lines><line number="3"  hits="1" /></lines>
			</method>
			<method name="(anonymous_2)"  hits="1"  signature="()V" >
				<lines><line number="5"  hits="1" /></lines>
			</method>
			<method name="(anonymous_3)"  hits="1"  signature="()V" >
				<lines><line number="9"  hits="1" /></lines>
			</method>
			<method name="(anonymous_4)"  hits="1"  signature="()V" >
				<lines><line number="12"  hits="1" /></lines>
			</method>
			<method name="(anonymous_5)"  hits="0"  signature="()V" >
				<lines><line number="18"  hits="0" /></lines>
			</method>
			<method name="(anonymous_6)"  hits="1"  signature="()V" >
				<lines><line number="19"  hits="1" /></lines>
			</method>
		</methods>
		<lines>
			<line number="1"  hits="1"  branch="false" />
			<line number="3"  hits="1"  branch="false" />
			<line number="5"  hits="1"  branch="false" />
			<line number="8"  hits="1"  branch="false" />
			<line number="11"  hits="1"  branch="false" />
			<line number="15"  hits="1"  branch="false" />
			<line number="18"  hits="0"  branch="false" />
			<line number="21"  hits="1"  branch="false" />
			<line number="22"  hits="1"  branch="false" />
			<line number="23"  hits="1"  branch="false" />
			<line number="25"  hits="1"  branch="false" />
			<line number="26"  hits="1"  branch="false" />
		</lines>
		</class>
		<class name="nndb_spec.js"  filename="spec/nndb_spec.js"  line-rate="1"  branch-rate="1" >
		<methods>
			<method name="(anonymous_1)"  hits="1"  signature="()V" >
				<lines><line number="9"  hits="1" /></lines>
			</method>
			<method name="(anonymous_2)"  hits="7"  signature="()V" >
				<lines><line number="18"  hits="7" /></lines>
			</method>
			<method name="(anonymous_3)"  hits="7"  signature="()V" >
				<lines><line number="20"  hits="7" /></lines>
			</method>
			<method name="(anonymous_4)"  hits="32"  signature="()V" >
				<lines><line number="23"  hits="32" /></lines>
			</method>
			<method name="(anonymous_5)"  hits="7"  signature="()V" >
				<lines><line number="31"  hits="7" /></lines>
			</method>
			<method name="(anonymous_6)"  hits="7"  signature="()V" >
				<lines><line number="34"  hits="7" /></lines>
			</method>
			<method name="(anonymous_7)"  hits="6"  signature="()V" >
				<lines><line number="38"  hits="6" /></lines>
			</method>
			<method name="(anonymous_8)"  hits="2"  signature="()V" >
				<lines><line number="42"  hits="2" /></lines>
			</method>
			<method name="(anonymous_9)"  hits="1"  signature="()V" >
				<lines><line number="47"  hits="1" /></lines>
			</method>
			<method name="(anonymous_10)"  hits="1"  signature="()V" >
				<lines><line number="57"  hits="1" /></lines>
			</method>
			<method name="(anonymous_11)"  hits="1"  signature="()V" >
				<lines><line number="77"  hits="1" /></lines>
			</method>
			<method name="(anonymous_12)"  hits="1"  signature="()V" >
				<lines><line number="87"  hits="1" /></lines>
			</method>
			<method name="(anonymous_13)"  hits="2"  signature="()V" >
				<lines><line number="89"  hits="2" /></lines>
			</method>
			<method name="(anonymous_14)"  hits="1"  signature="()V" >
				<lines><line number="104"  hits="1" /></lines>
			</method>
			<method name="(anonymous_15)"  hits="1"  signature="()V" >
				<lines><line number="111"  hits="1" /></lines>
			</method>
			<method name="(anonymous_16)"  hits="1"  signature="()V" >
				<lines><line number="122"  hits="1" /></lines>
			</method>
			<method name="(anonymous_17)"  hits="2"  signature="()V" >
				<lines><line number="125"  hits="2" /></lines>
			</method>
			<method name="(anonymous_18)"  hits="1"  signature="()V" >
				<lines><line number="138"  hits="1" /></lines>
			</method>
			<method name="(anonymous_19)"  hits="1"  signature="()V" >
				<lines><line number="144"  hits="1" /></lines>
			</method>
		</methods>
		<lines>
			<line number="4"  hits="1"  branch="false" />
			<line number="5"  hits="1"  branch="false" />
			<line number="6"  hits="1"  branch="false" />
			<line number="7"  hits="1"  branch="false" />
			<line number="9"  hits="1"  branch="false" />
			<line number="12"  hits="1"  branch="false" />
			<line number="13"  hits="1"  branch="false" />
			<line number="14"  hits="1"  branch="false" />
			<line number="15"  hits="1"  branch="false" />
			<line number="16"  hits="1"  branch="false" />
			<line number="18"  hits="1"  branch="false" />
			<line number="20"  hits="7"  branch="false" />
			<line number="21"  hits="7"  branch="false" />
			<line number="23"  hits="7"  branch="false" />
			<line number="24"  hits="32"  branch="false" />
			<line number="25"  hits="32"  branch="false" />
			<line number="28"  hits="7"  branch="false" />
			<line number="30"  hits="7"  branch="false" />
			<line number="34"  hits="7"  branch="false" />
			<line number="35"  hits="7"  branch="false" />
			<line number="36"  hits="7"  branch="false" />
			<line number="37"  hits="7"  branch="false" />
			<line number="38"  hits="7"  branch="false" />
			<line number="40"  hits="7"  branch="false" />
			<line number="41"  hits="7"  branch="false" />
			<line number="42"  hits="7"  branch="false" />
			<line number="47"  hits="1"  branch="false" />
			<line number="49"  hits="1"  branch="false" />
			<line number="50"  hits="1"  branch="false" />
			<line number="51"  hits="1"  branch="false" />
			<line number="52"  hits="1"  branch="false" />
			<line number="53"  hits="1"  branch="false" />
			<line number="57"  hits="1"  branch="false" />
			<line number="60"  hits="1"  branch="false" />
			<line number="61"  hits="1"  branch="false" />
			<line number="62"  hits="1"  branch="false" />
			<line number="63"  hits="1"  branch="false" />
			<line number="64"  hits="1"  branch="false" />
			<line number="66"  hits="1"  branch="false" />
			<line number="67"  hits="1"  branch="false" />
			<line number="68"  hits="1"  branch="false" />
			<line number="70"  hits="1"  branch="false" />
			<line number="71"  hits="1"  branch="false" />
			<line number="77"  hits="1"  branch="false" />
			<line number="79"  hits="1"  branch="false" />
			<line number="80"  hits="1"  branch="false" />
			<line number="81"  hits="1"  branch="false" />
			<line number="82"  hits="1"  branch="false" />
			<line number="83"  hits="1"  branch="false" />
			<line number="87"  hits="1"  branch="false" />
			<line number="89"  hits="1"  branch="false" />
			<line number="90"  hits="2"  branch="false" />
			<line number="91"  hits="2"  branch="false" />
			<line number="92"  hits="2"  branch="false" />
			<line number="93"  hits="2"  branch="false" />
			<line number="94"  hits="2"  branch="false" />
			<line number="95"  hits="2"  branch="false" />
			<line number="96"  hits="2"  branch="false" />
			<line number="97"  hits="2"  branch="false" />
			<line number="98"  hits="2"  branch="false" />
			<line number="99"  hits="2"  branch="false" />
			<line number="104"  hits="1"  branch="false" />
			<line number="106"  hits="1"  branch="false" />
			<line number="107"  hits="1"  branch="false" />
			<line number="111"  hits="1"  branch="false" />
			<line number="113"  hits="1"  branch="false" />
			<line number="122"  hits="1"  branch="false" />
			<line number="125"  hits="1"  branch="false" />
			<line number="126"  hits="2"  branch="false" />
			<line number="127"  hits="2"  branch="false" />
			<line number="128"  hits="2"  branch="false" />
			<line number="129"  hits="2"  branch="false" />
			<line number="130"  hits="2"  branch="false" />
			<line number="131"  hits="2"  branch="false" />
			<line number="132"  hits="2"  branch="false" />
			<line number="133"  hits="2"  branch="false" />
			<line number="134"  hits="2"  branch="false" />
			<line number="138"  hits="1"  branch="false" />
			<line number="140"  hits="1"  branch="false" />
			<line number="144"  hits="1"  branch="false" />
			<line number="146"  hits="1"  branch="false" />
		</lines>
		</class>
		<class name="nndb_webserver_spec.js"  filename="spec/nndb_webserver_spec.js"  line-rate="1"  branch-rate="1" >
		<methods>
			<method name="(anonymous_1)"  hits="1"  signature="()V" >
				<lines><line number="8"  hits="1" /></lines>
			</method>
			<method name="(anonymous_2)"  hits="1"  signature="()V" >
				<lines><line number="15"  hits="1" /></lines>
			</method>
			<method name="(anonymous_3)"  hits="1"  signature="()V" >
				<lines><line number="109"  hits="1" /></lines>
			</method>
		</methods>
		<lines>
			<line number="5"  hits="1"  branch="false" />
			<line number="6"  hits="1"  branch="false" />
			<line number="8"  hits="1"  branch="false" />
			<line number="10"  hits="1"  branch="false" />
			<line number="11"  hits="1"  branch="false" />
			<line number="12"  hits="1"  branch="false" />
			<line number="13"  hits="1"  branch="false" />
			<line number="15"  hits="1"  branch="false" />
			<line number="17"  hits="1"  branch="false" />
			<line number="102"  hits="1"  branch="false" />
			<line number="103"  hits="1"  branch="false" />
			<line number="104"  hits="1"  branch="false" />
			<line number="105"  hits="1"  branch="false" />
			<line number="109"  hits="1"  branch="false" />
			<line number="111"  hits="1"  branch="false" />
			<line number="112"  hits="1"  branch="false" />
			<line number="113"  hits="1"  branch="false" />
			<line number="114"  hits="1"  branch="false" />
		</lines>
		</class>
	</classes>
	</package>
	<package name="src"  line-rate="0.5886"  branch-rate="0.47619999999999996" >
	<classes>
		<class name="TDDQuestion.js"  filename="src/TDDQuestion.js"  line-rate="0.3333"  branch-rate="1" >
		<methods>
			<method name="(anonymous_1)"  hits="0"  signature="()V" >
				<lines><line number="4"  hits="0" /></lines>
			</method>
			<method name="(anonymous_2)"  hits="0"  signature="()V" >
				<lines><line number="8"  hits="0" /></lines>
			</method>
			<method name="(anonymous_3)"  hits="0"  signature="()V" >
				<lines><line number="14"  hits="0" /></lines>
			</method>
			<method name="(anonymous_4)"  hits="0"  signature="()V" >
				<lines><line number="20"  hits="0" /></lines>
			</method>
			<method name="(anonymous_5)"  hits="0"  signature="()V" >
				<lines><line number="24"  hits="0" /></lines>
			</method>
		</methods>
		<lines>
			<line number="1"  hits="1"  branch="false" />
			<line number="2"  hits="1"  branch="false" />
			<line number="4"  hits="1"  branch="false" />
			<line number="5"  hits="0"  branch="false" />
			<line number="8"  hits="1"  branch="false" />
			<line number="10"  hits="0"  branch="false" />
			<line number="11"  hits="0"  branch="false" />
			<line number="14"  hits="0"  branch="false" />
			<line number="16"  hits="0"  branch="false" />
			<line number="20"  hits="0"  branch="false" />
			<line number="21"  hits="0"  branch="false" />
			<line number="24"  hits="0"  branch="false" />
			<line number="25"  hits="0"  branch="false" />
			<line number="28"  hits="0"  branch="false" />
			<line number="32"  hits="1"  branch="false" />
		</lines>
		</class>
		<class name="nndb.js"  filename="src/nndb.js"  line-rate="0.8765000000000001"  branch-rate="0.5357" >
		<methods>
			<method name="(anonymous_1)"  hits="8"  signature="()V" >
				<lines><line number="6"  hits="8" /></lines>
			</method>
			<method name="(anonymous_2)"  hits="4"  signature="()V" >
				<lines><line number="20"  hits="4" /></lines>
			</method>
			<method name="(anonymous_3)"  hits="6"  signature="()V" >
				<lines><line number="25"  hits="6" /></lines>
			</method>
			<method name="(anonymous_4)"  hits="0"  signature="()V" >
				<lines><line number="34"  hits="0" /></lines>
			</method>
			<method name="(anonymous_5)"  hits="3"  signature="()V" >
				<lines><line number="38"  hits="3" /></lines>
			</method>
			<method name="(anonymous_6)"  hits="4"  signature="()V" >
				<lines><line number="45"  hits="4" /></lines>
			</method>
			<method name="(anonymous_7)"  hits="0"  signature="()V" >
				<lines><line number="56"  hits="0" /></lines>
			</method>
			<method name="(anonymous_8)"  hits="0"  signature="()V" >
				<lines><line number="62"  hits="0" /></lines>
			</method>
			<method name="(anonymous_9)"  hits="2"  signature="()V" >
				<lines><line number="68"  hits="2" /></lines>
			</method>
			<method name="(anonymous_10)"  hits="0"  signature="()V" >
				<lines><line number="77"  hits="0" /></lines>
			</method>
			<method name="(anonymous_11)"  hits="2"  signature="()V" >
				<lines><line number="81"  hits="2" /></lines>
			</method>
			<method name="removeNoMoreResultsToken"  hits="2"  signature="()V" >
				<lines><line number="91"  hits="2" /></lines>
			</method>
			<method name="(anonymous_13)"  hits="4"  signature="()V" >
				<lines><line number="97"  hits="4" /></lines>
			</method>
			<method name="throttleScraping"  hits="4"  signature="()V" >
				<lines><line number="111"  hits="4" /></lines>
			</method>
			<method name="(anonymous_15)"  hits="0"  signature="()V" >
				<lines><line number="116"  hits="0" /></lines>
			</method>
			<method name="scrapeAdditionalInfoForJudge"  hits="4"  signature="()V" >
				<lines><line number="125"  hits="4" /></lines>
			</method>
			<method name="(anonymous_17)"  hits="26"  signature="()V" >
				<lines><line number="132"  hits="26" /></lines>
			</method>
			<method name="(anonymous_18)"  hits="0"  signature="()V" >
				<lines><line number="136"  hits="0" /></lines>
			</method>
			<method name="(anonymous_19)"  hits="4"  signature="()V" >
				<lines><line number="140"  hits="4" /></lines>
			</method>
			<method name="(anonymous_20)"  hits="0"  signature="()V" >
				<lines><line number="161"  hits="0" /></lines>
			</method>
		</methods>
		<lines>
			<line number="4"  hits="1"  branch="false" />
			<line number="6"  hits="1"  branch="false" />
			<line number="8"  hits="8"  branch="false" />
			<line number="9"  hits="8"  branch="false" />
			<line number="10"  hits="8"  branch="false" />
			<line number="11"  hits="8"  branch="false" />
			<line number="12"  hits="8"  branch="false" />
			<line number="13"  hits="8"  branch="false" />
			<line number="14"  hits="8"  branch="false" />
			<line number="15"  hits="8"  branch="false" />
			<line number="20"  hits="1"  branch="false" />
			<line number="22"  hits="4"  branch="false" />
			<line number="23"  hits="4"  branch="false" />
			<line number="25"  hits="4"  branch="false" />
			<line number="27"  hits="6"  branch="false" />
			<line number="28"  hits="6"  branch="true"  condition-coverage="100% (2/2)" />
			<line number="29"  hits="4"  branch="false" />
			<line number="34"  hits="4"  branch="false" />
			<line number="38"  hits="4"  branch="false" />
			<line number="39"  hits="3"  branch="false" />
			<line number="45"  hits="1"  branch="false" />
			<line number="47"  hits="4"  branch="false" />
			<line number="48"  hits="4"  branch="true"  condition-coverage="50% (1/2)" />
			<line number="50"  hits="4"  branch="true"  condition-coverage="50% (1/2)" />
			<line number="52"  hits="4"  branch="false" />
			<line number="53"  hits="4"  branch="false" />
			<line number="56"  hits="4"  branch="false" />
			<line number="59"  hits="0"  branch="true"  condition-coverage="0% (0/2)" />
			<line number="60"  hits="0"  branch="false" />
			<line number="62"  hits="0"  branch="false" />
			<line number="68"  hits="1"  branch="false" />
			<line number="70"  hits="2"  branch="true"  condition-coverage="100% (4/4)" />
			<line number="71"  hits="1"  branch="false" />
			<line number="73"  hits="1"  branch="false" />
			<line number="77"  hits="1"  branch="false" />
			<line number="78"  hits="0"  branch="false" />
			<line number="81"  hits="1"  branch="false" />
			<line number="83"  hits="2"  branch="false" />
			<line number="84"  hits="2"  branch="false" />
			<line number="85"  hits="2"  branch="false" />
			<line number="86"  hits="2"  branch="false" />
			<line number="91"  hits="1"  branch="false" />
			<line number="92"  hits="2"  branch="false" />
			<line number="93"  hits="3"  branch="false" />
			<line number="97"  hits="1"  branch="false" />
			<line number="99"  hits="4"  branch="false" />
			<line number="100"  hits="4"  branch="false" />
			<line number="102"  hits="4"  branch="false" />
			<line number="104"  hits="4"  branch="false" />
			<line number="105"  hits="4"  branch="false" />
			<line number="111"  hits="1"  branch="false" />
			<line number="113"  hits="4"  branch="true"  condition-coverage="50% (1/2)" />
			<line number="114"  hits="4"  branch="false" />
			<line number="116"  hits="0"  branch="false" />
			<line number="117"  hits="0"  branch="false" />
			<line number="123"  hits="1"  branch="false" />
			<line number="125"  hits="1"  branch="false" />
			<line number="127"  hits="4"  branch="false" />
			<line number="128"  hits="4"  branch="false" />
			<line number="129"  hits="4"  branch="false" />
			<line number="131"  hits="4"  branch="false" />
			<line number="132"  hits="4"  branch="false" />
			<line number="133"  hits="26"  branch="false" />
			<line number="136"  hits="4"  branch="false" />
			<line number="140"  hits="4"  branch="false" />
			<line number="141"  hits="4"  branch="false" />
			<line number="142"  hits="4"  branch="true"  condition-coverage="50% (1/2)" />
			<line number="143"  hits="0"  branch="false" />
			<line number="145"  hits="4"  branch="true"  condition-coverage="50% (1/2)" />
			<line number="146"  hits="0"  branch="true"  condition-coverage="0% (0/2)" />
			<line number="148"  hits="4"  branch="true"  condition-coverage="50% (1/2)" />
			<line number="150"  hits="4"  branch="false" />
			<line number="151"  hits="4"  branch="false" />
			<line number="157"  hits="4"  branch="true"  condition-coverage="100% (2/2)" />
			<line number="158"  hits="2"  branch="false" />
			<line number="159"  hits="4"  branch="false" />
			<line number="160"  hits="4"  branch="true"  condition-coverage="50% (1/2)" />
			<line number="161"  hits="4"  branch="false" />
			<line number="162"  hits="0"  branch="true"  condition-coverage="0% (0/2)" />
			<line number="163"  hits="0"  branch="false" />
			<line number="170"  hits="1"  branch="false" />
		</lines>
		</class>
		<class name="nndb_runner.js"  filename="src/nndb_runner.js"  line-rate="0.375"  branch-rate="1" >
		<methods>
			<method name="(anonymous_1)"  hits="1"  signature="()V" >
				<lines><line number="8"  hits="1" /></lines>
			</method>
			<method name="(anonymous_2)"  hits="0"  signature="()V" >
				<lines><line number="14"  hits="0" /></lines>
			</method>
			<method name="(anonymous_3)"  hits="0"  signature="()V" >
				<lines><line number="20"  hits="0" /></lines>
			</method>
			<method name="(anonymous_4)"  hits="0"  signature="()V" >
				<lines><line number="25"  hits="0" /></lines>
			</method>
			<method name="(anonymous_5)"  hits="0"  signature="()V" >
				<lines><line number="29"  hits="0" /></lines>
			</method>
			<method name="(anonymous_6)"  hits="0"  signature="()V" >
				<lines><line number="33"  hits="0" /></lines>
			</method>
			<method name="(anonymous_7)"  hits="0"  signature="()V" >
				<lines><line number="38"  hits="0" /></lines>
			</method>
		</methods>
		<lines>
			<line number="4"  hits="1"  branch="false" />
			<line number="5"  hits="1"  branch="false" />
			<line number="6"  hits="1"  branch="false" />
			<line number="8"  hits="1"  branch="false" />
			<line number="10"  hits="1"  branch="false" />
			<line number="14"  hits="1"  branch="false" />
			<line number="16"  hits="0"  branch="false" />
			<line number="18"  hits="0"  branch="false" />
			<line number="21"  hits="0"  branch="false" />
			<line number="22"  hits="0"  branch="false" />
			<line number="26"  hits="0"  branch="false" />
			<line number="27"  hits="0"  branch="false" />
			<line number="30"  hits="0"  branch="false" />
			<line number="31"  hits="0"  branch="false" />
			<line number="34"  hits="0"  branch="false" />
			<line number="35"  hits="0"  branch="false" />
		</lines>
		</class>
		<class name="nndb_webserver.js"  filename="src/nndb_webserver.js"  line-rate="0.3333"  branch-rate="0.35710000000000003" >
		<methods>
			<method name="(anonymous_1)"  hits="1"  signature="()V" >
				<lines><line number="7"  hits="1" /></lines>
			</method>
			<method name="(anonymous_2)"  hits="0"  signature="()V" >
				<lines><line number="14"  hits="0" /></lines>
			</method>
			<method name="(anonymous_3)"  hits="0"  signature="()V" >
				<lines><line number="21"  hits="0" /></lines>
			</method>
			<method name="(anonymous_4)"  hits="0"  signature="()V" >
				<lines><line number="41"  hits="0" /></lines>
			</method>
			<method name="(anonymous_5)"  hits="0"  signature="()V" >
				<lines><line number="55"  hits="0" /></lines>
			</method>
			<method name="(anonymous_6)"  hits="0"  signature="()V" >
				<lines><line number="61"  hits="0" /></lines>
			</method>
			<method name="(anonymous_7)"  hits="0"  signature="()V" >
				<lines><line number="65"  hits="0" /></lines>
			</method>
			<method name="notFound"  hits="0"  signature="()V" >
				<lines><line number="87"  hits="0" /></lines>
			</method>
			<method name="badRequest"  hits="0"  signature="()V" >
				<lines><line number="93"  hits="0" /></lines>
			</method>
			<method name="(anonymous_10)"  hits="1"  signature="()V" >
				<lines><line number="99"  hits="1" /></lines>
			</method>
			<method name="(anonymous_11)"  hits="26"  signature="()V" >
				<lines><line number="103"  hits="26" /></lines>
			</method>
			<method name="insertJudgeForState"  hits="26"  signature="()V" >
				<lines><line number="114"  hits="26" /></lines>
			</method>
		</methods>
		<lines>
			<line number="4"  hits="1"  branch="false" />
			<line number="5"  hits="1"  branch="false" />
			<line number="7"  hits="1"  branch="false" />
			<line number="9"  hits="1"  branch="false" />
			<line number="10"  hits="1"  branch="false" />
			<line number="14"  hits="1"  branch="false" />
			<line number="16"  hits="0"  branch="false" />
			<line number="17"  hits="0"  branch="false" />
			<line number="19"  hits="0"  branch="false" />
			<line number="21"  hits="0"  branch="false" />
			<line number="22"  hits="0"  branch="true"  condition-coverage="0% (0/2)" />
			<line number="23"  hits="0"  branch="true"  condition-coverage="0% (0/2)" />
			<line number="25"  hits="0"  branch="false" />
			<line number="26"  hits="0"  branch="false" />
			<line number="29"  hits="0"  branch="false" />
			<line number="32"  hits="0"  branch="false" />
			<line number="36"  hits="0"  branch="false" />
			<line number="41"  hits="1"  branch="false" />
			<line number="43"  hits="0"  branch="false" />
			<line number="44"  hits="0"  branch="false" />
			<line number="45"  hits="0"  branch="false" />
			<line number="46"  hits="0"  branch="false" />
			<line number="48"  hits="0"  branch="false" />
			<line number="50"  hits="0"  branch="false" />
			<line number="51"  hits="0"  branch="false" />
			<line number="52"  hits="0"  branch="false" />
			<line number="54"  hits="0"  branch="false" />
			<line number="55"  hits="0"  branch="false" />
			<line number="57"  hits="0"  branch="true"  condition-coverage="0% (0/2)" />
			<line number="58"  hits="0"  branch="false" />
			<line number="59"  hits="0"  branch="false" />
			<line number="61"  hits="0"  branch="false" />
			<line number="62"  hits="0"  branch="false" />
			<line number="65"  hits="0"  branch="false" />
			<line number="66"  hits="0"  branch="true"  condition-coverage="0% (0/2)" />
			<line number="67"  hits="0"  branch="false" />
			<line number="69"  hits="0"  branch="false" />
			<line number="76"  hits="0"  branch="false" />
			<line number="77"  hits="0"  branch="false" />
			<line number="82"  hits="0"  branch="false" />
			<line number="83"  hits="0"  branch="false" />
			<line number="84"  hits="0"  branch="false" />
			<line number="87"  hits="1"  branch="false" />
			<line number="88"  hits="0"  branch="false" />
			<line number="89"  hits="0"  branch="false" />
			<line number="90"  hits="0"  branch="false" />
			<line number="93"  hits="1"  branch="false" />
			<line number="94"  hits="0"  branch="false" />
			<line number="95"  hits="0"  branch="false" />
			<line number="96"  hits="0"  branch="false" />
			<line number="99"  hits="1"  branch="false" />
			<line number="101"  hits="1"  branch="false" />
			<line number="102"  hits="1"  branch="false" />
			<line number="103"  hits="1"  branch="false" />
			<line number="104"  hits="26"  branch="true"  condition-coverage="50% (1/2)" />
			<line number="105"  hits="0"  branch="false" />
			<line number="106"  hits="26"  branch="true"  condition-coverage="100% (2/2)" />
			<line number="107"  hits="6"  branch="false" />
			<line number="109"  hits="20"  branch="false" />
			<line number="114"  hits="1"  branch="false" />
			<line number="116"  hits="26"  branch="true"  condition-coverage="100% (2/2)" />
			<line number="117"  hits="12"  branch="false" />
			<line number="118"  hits="26"  branch="false" />
		</lines>
		</class>
	</classes>
	</package>
</packages>
</coverage>
