<?xml version="1.0" ?>
<!DOCTYPE coverage SYSTEM "http://cobertura.sourceforge.net/xml/coverage-04.dtd">
<coverage lines-valid="166"  lines-covered="155"  line-rate="0.9337000000000001"  branches-valid="12"  branches-covered="10"  branch-rate="0.8332999999999999"  timestamp="1387585167712" complexity="0" version="0.1">
<sources>
	<source>/Users/arun.bakthavatchalam/skunkWorks/scraping</source>
</sources>
<packages>
	<package name="spec"  line-rate="0.9891"  branch-rate="1" >
	<classes>
		<class name="TDDQuestionSpec.js"  filename="spec/TDDQuestionSpec.js"  line-rate="0.9167000000000001"  branch-rate="1" >
		<methods>
			<method name="(anonymous_1)"  hits="1"  signature="()V" >
				<lines><line number="3"  hits="1" /></lines>
			</method>
			<method name="(anonymous_2)"  hits="1"  signature="()V" >
				<lines><line number="5"  hits="1" /></lines>
			</method>
			<method name="(anonymous_3)"  hits="1"  signature="()V" >
				<lines><line number="9"  hits="1" /></lines>
			</method>
			<method name="(anonymous_4)"  hits="1"  signature="()V" >
				<lines><line number="12"  hits="1" /></lines>
			</method>
			<method name="(anonymous_5)"  hits="0"  signature="()V" >
				<lines><line number="18"  hits="0" /></lines>
			</method>
			<method name="(anonymous_6)"  hits="1"  signature="()V" >
				<lines><line number="19"  hits="1" /></lines>
			</method>
		</methods>
		<lines>
			<line number="1"  hits="1"  branch="false" />
			<line number="3"  hits="1"  branch="false" />
			<line number="5"  hits="1"  branch="false" />
			<line number="8"  hits="1"  branch="false" />
			<line number="11"  hits="1"  branch="false" />
			<line number="15"  hits="1"  branch="false" />
			<line number="18"  hits="0"  branch="false" />
			<line number="21"  hits="1"  branch="false" />
			<line number="22"  hits="1"  branch="false" />
			<line number="23"  hits="1"  branch="false" />
			<line number="25"  hits="1"  branch="false" />
			<line number="26"  hits="1"  branch="false" />
		</lines>
		</class>
		<class name="nndb_spec.js"  filename="spec/nndb_spec.js"  line-rate="1"  branch-rate="1" >
		<methods>
			<method name="(anonymous_1)"  hits="1"  signature="()V" >
				<lines><line number="9"  hits="1" /></lines>
			</method>
			<method name="(anonymous_2)"  hits="7"  signature="()V" >
				<lines><line number="17"  hits="7" /></lines>
			</method>
			<method name="(anonymous_3)"  hits="7"  signature="()V" >
				<lines><line number="19"  hits="7" /></lines>
			</method>
			<method name="(anonymous_4)"  hits="22"  signature="()V" >
				<lines><line number="22"  hits="22" /></lines>
			</method>
			<method name="(anonymous_5)"  hits="7"  signature="()V" >
				<lines><line number="30"  hits="7" /></lines>
			</method>
			<method name="(anonymous_6)"  hits="7"  signature="()V" >
				<lines><line number="33"  hits="7" /></lines>
			</method>
			<method name="(anonymous_7)"  hits="6"  signature="()V" >
				<lines><line number="37"  hits="6" /></lines>
			</method>
			<method name="(anonymous_8)"  hits="7"  signature="()V" >
				<lines><line number="44"  hits="7" /></lines>
			</method>
			<method name="(anonymous_9)"  hits="1"  signature="()V" >
				<lines><line number="54"  hits="1" /></lines>
			</method>
			<method name="(anonymous_10)"  hits="1"  signature="()V" >
				<lines><line number="62"  hits="1" /></lines>
			</method>
			<method name="(anonymous_11)"  hits="1"  signature="()V" >
				<lines><line number="82"  hits="1" /></lines>
			</method>
			<method name="(anonymous_12)"  hits="1"  signature="()V" >
				<lines><line number="92"  hits="1" /></lines>
			</method>
			<method name="(anonymous_13)"  hits="4"  signature="()V" >
				<lines><line number="94"  hits="4" /></lines>
			</method>
			<method name="(anonymous_14)"  hits="1"  signature="()V" >
				<lines><line number="99"  hits="1" /></lines>
			</method>
			<method name="(anonymous_15)"  hits="1"  signature="()V" >
				<lines><line number="112"  hits="1" /></lines>
			</method>
			<method name="(anonymous_16)"  hits="1"  signature="()V" >
				<lines><line number="122"  hits="1" /></lines>
			</method>
			<method name="(anonymous_17)"  hits="1"  signature="()V" >
				<lines><line number="133"  hits="1" /></lines>
			</method>
		</methods>
		<lines>
			<line number="4"  hits="1"  branch="false" />
			<line number="5"  hits="1"  branch="false" />
			<line number="6"  hits="1"  branch="false" />
			<line number="7"  hits="1"  branch="false" />
			<line number="9"  hits="1"  branch="false" />
			<line number="12"  hits="1"  branch="false" />
			<line number="13"  hits="1"  branch="false" />
			<line number="14"  hits="1"  branch="false" />
			<line number="15"  hits="1"  branch="false" />
			<line number="17"  hits="1"  branch="false" />
			<line number="19"  hits="7"  branch="false" />
			<line number="20"  hits="7"  branch="false" />
			<line number="22"  hits="7"  branch="false" />
			<line number="23"  hits="22"  branch="false" />
			<line number="24"  hits="22"  branch="false" />
			<line number="27"  hits="7"  branch="false" />
			<line number="29"  hits="7"  branch="false" />
			<line number="33"  hits="7"  branch="false" />
			<line number="34"  hits="7"  branch="false" />
			<line number="35"  hits="7"  branch="false" />
			<line number="36"  hits="7"  branch="false" />
			<line number="37"  hits="7"  branch="false" />
			<line number="39"  hits="7"  branch="false" />
			<line number="40"  hits="7"  branch="false" />
			<line number="44"  hits="1"  branch="false" />
			<line number="46"  hits="7"  branch="false" />
			<line number="47"  hits="7"  branch="false" />
			<line number="48"  hits="7"  branch="false" />
			<line number="49"  hits="7"  branch="false" />
			<line number="50"  hits="7"  branch="false" />
			<line number="54"  hits="1"  branch="false" />
			<line number="56"  hits="1"  branch="false" />
			<line number="57"  hits="1"  branch="false" />
			<line number="58"  hits="1"  branch="false" />
			<line number="62"  hits="1"  branch="false" />
			<line number="65"  hits="1"  branch="false" />
			<line number="66"  hits="1"  branch="false" />
			<line number="67"  hits="1"  branch="false" />
			<line number="68"  hits="1"  branch="false" />
			<line number="69"  hits="1"  branch="false" />
			<line number="71"  hits="1"  branch="false" />
			<line number="72"  hits="1"  branch="false" />
			<line number="73"  hits="1"  branch="false" />
			<line number="75"  hits="1"  branch="false" />
			<line number="76"  hits="1"  branch="false" />
			<line number="82"  hits="1"  branch="false" />
			<line number="84"  hits="1"  branch="false" />
			<line number="85"  hits="1"  branch="false" />
			<line number="86"  hits="1"  branch="false" />
			<line number="87"  hits="1"  branch="false" />
			<line number="92"  hits="1"  branch="false" />
			<line number="94"  hits="1"  branch="false" />
			<line number="95"  hits="4"  branch="false" />
			<line number="99"  hits="1"  branch="false" />
			<line number="101"  hits="1"  branch="false" />
			<line number="102"  hits="1"  branch="false" />
			<line number="103"  hits="1"  branch="false" />
			<line number="104"  hits="1"  branch="false" />
			<line number="105"  hits="1"  branch="false" />
			<line number="106"  hits="1"  branch="false" />
			<line number="107"  hits="1"  branch="false" />
			<line number="112"  hits="1"  branch="false" />
			<line number="114"  hits="1"  branch="false" />
			<line number="115"  hits="1"  branch="false" />
			<line number="116"  hits="1"  branch="false" />
			<line number="117"  hits="1"  branch="false" />
			<line number="118"  hits="1"  branch="false" />
			<line number="122"  hits="1"  branch="false" />
			<line number="124"  hits="1"  branch="false" />
			<line number="125"  hits="1"  branch="false" />
			<line number="126"  hits="1"  branch="false" />
			<line number="127"  hits="1"  branch="false" />
			<line number="128"  hits="1"  branch="false" />
			<line number="129"  hits="1"  branch="false" />
			<line number="133"  hits="1"  branch="false" />
			<line number="135"  hits="1"  branch="false" />
			<line number="136"  hits="1"  branch="false" />
			<line number="137"  hits="1"  branch="false" />
			<line number="138"  hits="1"  branch="false" />
			<line number="139"  hits="1"  branch="false" />
		</lines>
		</class>
	</classes>
	</package>
	<package name="src"  line-rate="0.8649"  branch-rate="0.8332999999999999" >
	<classes>
		<class name="TDDQuestion.js"  filename="src/TDDQuestion.js"  line-rate="0.3333"  branch-rate="1" >
		<methods>
			<method name="(anonymous_1)"  hits="0"  signature="()V" >
				<lines><line number="4"  hits="0" /></lines>
			</method>
			<method name="(anonymous_2)"  hits="0"  signature="()V" >
				<lines><line number="8"  hits="0" /></lines>
			</method>
			<method name="(anonymous_3)"  hits="0"  signature="()V" >
				<lines><line number="14"  hits="0" /></lines>
			</method>
			<method name="(anonymous_4)"  hits="0"  signature="()V" >
				<lines><line number="20"  hits="0" /></lines>
			</method>
			<method name="(anonymous_5)"  hits="0"  signature="()V" >
				<lines><line number="24"  hits="0" /></lines>
			</method>
		</methods>
		<lines>
			<line number="1"  hits="1"  branch="false" />
			<line number="2"  hits="1"  branch="false" />
			<line number="4"  hits="1"  branch="false" />
			<line number="5"  hits="0"  branch="false" />
			<line number="8"  hits="1"  branch="false" />
			<line number="10"  hits="0"  branch="false" />
			<line number="11"  hits="0"  branch="false" />
			<line number="14"  hits="0"  branch="false" />
			<line number="16"  hits="0"  branch="false" />
			<line number="20"  hits="0"  branch="false" />
			<line number="21"  hits="0"  branch="false" />
			<line number="24"  hits="0"  branch="false" />
			<line number="25"  hits="0"  branch="false" />
			<line number="28"  hits="0"  branch="false" />
			<line number="32"  hits="1"  branch="false" />
		</lines>
		</class>
		<class name="nndb.js"  filename="src/nndb.js"  line-rate="1"  branch-rate="0.8332999999999999" >
		<methods>
			<method name="(anonymous_1)"  hits="8"  signature="()V" >
				<lines><line number="5"  hits="8" /></lines>
			</method>
			<method name="(anonymous_2)"  hits="4"  signature="()V" >
				<lines><line number="19"  hits="4" /></lines>
			</method>
			<method name="(anonymous_3)"  hits="8"  signature="()V" >
				<lines><line number="24"  hits="8" /></lines>
			</method>
			<method name="(anonymous_4)"  hits="0"  signature="()V" >
				<lines><line number="34"  hits="0" /></lines>
			</method>
			<method name="(anonymous_5)"  hits="4"  signature="()V" >
				<lines><line number="38"  hits="4" /></lines>
			</method>
			<method name="(anonymous_6)"  hits="4"  signature="()V" >
				<lines><line number="45"  hits="4" /></lines>
			</method>
			<method name="(anonymous_7)"  hits="0"  signature="()V" >
				<lines><line number="56"  hits="0" /></lines>
			</method>
			<method name="(anonymous_8)"  hits="2"  signature="()V" >
				<lines><line number="64"  hits="2" /></lines>
			</method>
			<method name="(anonymous_9)"  hits="2"  signature="()V" >
				<lines><line number="73"  hits="2" /></lines>
			</method>
			<method name="removeNoMoreResultsToken"  hits="2"  signature="()V" >
				<lines><line number="81"  hits="2" /></lines>
			</method>
			<method name="(anonymous_11)"  hits="4"  signature="()V" >
				<lines><line number="87"  hits="4" /></lines>
			</method>
			<method name="scrapeAdditionalInfoForJudge"  hits="4"  signature="()V" >
				<lines><line number="102"  hits="4" /></lines>
			</method>
			<method name="(anonymous_13)"  hits="14"  signature="()V" >
				<lines><line number="108"  hits="14" /></lines>
			</method>
			<method name="(anonymous_14)"  hits="0"  signature="()V" >
				<lines><line number="112"  hits="0" /></lines>
			</method>
			<method name="(anonymous_15)"  hits="8"  signature="()V" >
				<lines><line number="115"  hits="8" /></lines>
			</method>
		</methods>
		<lines>
			<line number="5"  hits="1"  branch="false" />
			<line number="7"  hits="8"  branch="false" />
			<line number="8"  hits="8"  branch="false" />
			<line number="9"  hits="8"  branch="false" />
			<line number="10"  hits="8"  branch="false" />
			<line number="11"  hits="8"  branch="false" />
			<line number="12"  hits="8"  branch="false" />
			<line number="13"  hits="8"  branch="false" />
			<line number="17"  hits="1"  branch="false" />
			<line number="19"  hits="1"  branch="false" />
			<line number="21"  hits="4"  branch="false" />
			<line number="22"  hits="4"  branch="false" />
			<line number="24"  hits="4"  branch="false" />
			<line number="26"  hits="8"  branch="false" />
			<line number="28"  hits="8"  branch="true"  condition-coverage="100% (2/2)" />
			<line number="29"  hits="6"  branch="false" />
			<line number="34"  hits="4"  branch="false" />
			<line number="38"  hits="4"  branch="false" />
			<line number="39"  hits="4"  branch="false" />
			<line number="45"  hits="1"  branch="false" />
			<line number="47"  hits="4"  branch="false" />
			<line number="48"  hits="4"  branch="true"  condition-coverage="50% (1/2)" />
			<line number="50"  hits="4"  branch="true"  condition-coverage="50% (1/2)" />
			<line number="52"  hits="4"  branch="false" />
			<line number="53"  hits="4"  branch="false" />
			<line number="56"  hits="4"  branch="false" />
			<line number="64"  hits="1"  branch="false" />
			<line number="66"  hits="2"  branch="true"  condition-coverage="100% (4/4)" />
			<line number="67"  hits="1"  branch="false" />
			<line number="69"  hits="1"  branch="false" />
			<line number="73"  hits="1"  branch="false" />
			<line number="75"  hits="2"  branch="false" />
			<line number="76"  hits="2"  branch="false" />
			<line number="77"  hits="2"  branch="false" />
			<line number="78"  hits="2"  branch="false" />
			<line number="81"  hits="1"  branch="false" />
			<line number="82"  hits="2"  branch="false" />
			<line number="83"  hits="3"  branch="false" />
			<line number="87"  hits="1"  branch="false" />
			<line number="89"  hits="4"  branch="false" />
			<line number="90"  hits="4"  branch="false" />
			<line number="92"  hits="4"  branch="false" />
			<line number="93"  hits="4"  branch="false" />
			<line number="95"  hits="4"  branch="false" />
			<line number="96"  hits="4"  branch="false" />
			<line number="102"  hits="1"  branch="false" />
			<line number="104"  hits="4"  branch="false" />
			<line number="105"  hits="4"  branch="false" />
			<line number="107"  hits="4"  branch="false" />
			<line number="108"  hits="4"  branch="false" />
			<line number="109"  hits="14"  branch="false" />
			<line number="112"  hits="4"  branch="false" />
			<line number="115"  hits="4"  branch="false" />
			<line number="116"  hits="8"  branch="false" />
			<line number="117"  hits="8"  branch="false" />
			<line number="118"  hits="8"  branch="true"  condition-coverage="100% (2/2)" />
			<line number="119"  hits="4"  branch="false" />
			<line number="120"  hits="8"  branch="false" />
			<line number="125"  hits="1"  branch="false" />
		</lines>
		</class>
	</classes>
	</package>
</packages>
</coverage>
