{"/Users/arun.bakthavatchalam/skunkWorks/scraping/spec/TDDQuestionSpec.js":{"path":"/Users/arun.bakthavatchalam/skunkWorks/scraping/spec/TDDQuestionSpec.js","s":{"1":1,"2":1,"3":1,"4":1,"5":1,"6":1,"7":0,"8":1,"9":1,"10":1,"11":1,"12":1},"b":{},"f":{"1":1,"2":1,"3":1,"4":1,"5":0,"6":1},"fnMap":{"1":{"name":"(anonymous_1)","line":3,"loc":{"start":{"line":3,"column":19},"end":{"line":3,"column":30}}},"2":{"name":"(anonymous_2)","line":5,"loc":{"start":{"line":5,"column":31},"end":{"line":5,"column":42}}},"3":{"name":"(anonymous_3)","line":9,"loc":{"start":{"line":9,"column":16},"end":{"line":9,"column":27}}},"4":{"name":"(anonymous_4)","line":12,"loc":{"start":{"line":12,"column":16},"end":{"line":12,"column":27}}},"5":{"name":"(anonymous_5)","line":18,"loc":{"start":{"line":18,"column":19},"end":{"line":18,"column":29}}},"6":{"name":"(anonymous_6)","line":19,"loc":{"start":{"line":19,"column":16},"end":{"line":19,"column":26}}}},"statementMap":{"1":{"start":{"line":1,"column":0},"end":{"line":1,"column":33}},"2":{"start":{"line":3,"column":0},"end":{"line":31,"column":3}},"3":{"start":{"line":5,"column":4},"end":{"line":28,"column":7}},"4":{"start":{"line":8,"column":8},"end":{"line":10,"column":10}},"5":{"start":{"line":11,"column":8},"end":{"line":15,"column":8}},"6":{"start":{"line":15,"column":8},"end":{"line":20,"column":10}},"7":{"start":{"line":18,"column":30},"end":{"line":18,"column":42}},"8":{"start":{"line":21,"column":8},"end":{"line":21,"column":17}},"9":{"start":{"line":22,"column":8},"end":{"line":22,"column":62}},"10":{"start":{"line":23,"column":8},"end":{"line":23,"column":43}},"11":{"start":{"line":25,"column":8},"end":{"line":25,"column":54}},"12":{"start":{"line":26,"column":8},"end":{"line":26,"column":99}}},"branchMap":{}},"/Users/arun.bakthavatchalam/skunkWorks/scraping/src/TDDQuestion.js":{"path":"/Users/arun.bakthavatchalam/skunkWorks/scraping/src/TDDQuestion.js","s":{"1":1,"2":1,"3":1,"4":0,"5":1,"6":0,"7":0,"8":0,"9":0,"10":0,"11":0,"12":0,"13":0,"14":0,"15":1},"b":{},"f":{"1":0,"2":0,"3":0,"4":0,"5":0},"fnMap":{"1":{"name":"(anonymous_1)","line":4,"loc":{"start":{"line":4,"column":7},"end":{"line":4,"column":31}}},"2":{"name":"(anonymous_2)","line":8,"loc":{"start":{"line":8,"column":38},"end":{"line":8,"column":76}}},"3":{"name":"(anonymous_3)","line":14,"loc":{"start":{"line":14,"column":27},"end":{"line":14,"column":41}}},"4":{"name":"(anonymous_4)","line":20,"loc":{"start":{"line":20,"column":28},"end":{"line":20,"column":44}}},"5":{"name":"(anonymous_5)","line":24,"loc":{"start":{"line":24,"column":21},"end":{"line":24,"column":37}}}},"statementMap":{"1":{"start":{"line":1,"column":0},"end":{"line":1,"column":60}},"2":{"start":{"line":2,"column":0},"end":{"line":2,"column":40}},"3":{"start":{"line":4,"column":0},"end":{"line":6,"column":2}},"4":{"start":{"line":5,"column":4},"end":{"line":5,"column":39}},"5":{"start":{"line":8,"column":0},"end":{"line":30,"column":2}},"6":{"start":{"line":10,"column":4},"end":{"line":10,"column":85}},"7":{"start":{"line":11,"column":4},"end":{"line":11,"column":13}},"8":{"start":{"line":14,"column":4},"end":{"line":18,"column":7}},"9":{"start":{"line":16,"column":8},"end":{"line":16,"column":41}},"10":{"start":{"line":20,"column":4},"end":{"line":22,"column":7}},"11":{"start":{"line":21,"column":8},"end":{"line":21,"column":39}},"12":{"start":{"line":24,"column":4},"end":{"line":26,"column":7}},"13":{"start":{"line":25,"column":8},"end":{"line":25,"column":62}},"14":{"start":{"line":28,"column":4},"end":{"line":28,"column":13}},"15":{"start":{"line":32,"column":0},"end":{"line":32,"column":20}}},"branchMap":{}},"/Users/arun.bakthavatchalam/skunkWorks/scraping/spec/nndb_spec.js":{"path":"/Users/arun.bakthavatchalam/skunkWorks/scraping/spec/nndb_spec.js","s":{"1":1,"2":1,"3":1,"4":1,"5":1,"6":1,"7":1,"8":1,"9":1,"10":1,"11":7,"12":7,"13":7,"14":22,"15":22,"16":7,"17":7,"18":7,"19":7,"20":7,"21":7,"22":7,"23":6,"24":7,"25":7,"26":1,"27":7,"28":7,"29":7,"30":7,"31":7,"32":1,"33":1,"34":1,"35":1,"36":1,"37":1,"38":1,"39":1,"40":1,"41":1,"42":1,"43":1,"44":1,"45":1,"46":1,"47":1,"48":1,"49":1,"50":1,"51":1,"52":1,"53":1,"54":4,"55":1,"56":1,"57":1,"58":1,"59":1,"60":1,"61":1,"62":1,"63":1,"64":1,"65":1,"66":1,"67":1,"68":1,"69":1,"70":1,"71":1,"72":1,"73":1,"74":1,"75":1,"76":1,"77":1,"78":1,"79":1,"80":1,"81":1},"b":{},"f":{"1":1,"2":7,"3":7,"4":22,"5":7,"6":7,"7":6,"8":7,"9":1,"10":1,"11":1,"12":1,"13":4,"14":1,"15":1,"16":1,"17":1},"fnMap":{"1":{"name":"(anonymous_1)","line":9,"loc":{"start":{"line":9,"column":31},"end":{"line":9,"column":42}}},"2":{"name":"(anonymous_2)","line":17,"loc":{"start":{"line":17,"column":15},"end":{"line":17,"column":26}}},"3":{"name":"(anonymous_3)","line":19,"loc":{"start":{"line":19,"column":21},"end":{"line":19,"column":32}}},"4":{"name":"(anonymous_4)","line":22,"loc":{"start":{"line":22,"column":39},"end":{"line":22,"column":59}}},"5":{"name":"(anonymous_5)","line":30,"loc":{"start":{"line":30,"column":16},"end":{"line":30,"column":27}}},"6":{"name":"(anonymous_6)","line":33,"loc":{"start":{"line":33,"column":28},"end":{"line":33,"column":38}}},"7":{"name":"(anonymous_7)","line":37,"loc":{"start":{"line":37,"column":39},"end":{"line":37,"column":50}}},"8":{"name":"(anonymous_8)","line":44,"loc":{"start":{"line":44,"column":14},"end":{"line":44,"column":25}}},"9":{"name":"(anonymous_9)","line":54,"loc":{"start":{"line":54,"column":31},"end":{"line":54,"column":42}}},"10":{"name":"(anonymous_10)","line":62,"loc":{"start":{"line":62,"column":114},"end":{"line":62,"column":124}}},"11":{"name":"(anonymous_11)","line":82,"loc":{"start":{"line":82,"column":63},"end":{"line":82,"column":73}}},"12":{"name":"(anonymous_12)","line":92,"loc":{"start":{"line":92,"column":61},"end":{"line":92,"column":71}}},"13":{"name":"(anonymous_13)","line":94,"loc":{"start":{"line":94,"column":19},"end":{"line":94,"column":30}}},"14":{"name":"(anonymous_14)","line":99,"loc":{"start":{"line":99,"column":67},"end":{"line":99,"column":77}}},"15":{"name":"(anonymous_15)","line":112,"loc":{"start":{"line":112,"column":92},"end":{"line":112,"column":102}}},"16":{"name":"(anonymous_16)","line":122,"loc":{"start":{"line":122,"column":88},"end":{"line":122,"column":98}}},"17":{"name":"(anonymous_17)","line":133,"loc":{"start":{"line":133,"column":91},"end":{"line":133,"column":101}}}},"statementMap":{"1":{"start":{"line":4,"column":0},"end":{"line":4,"column":26}},"2":{"start":{"line":5,"column":0},"end":{"line":5,"column":27}},"3":{"start":{"line":6,"column":0},"end":{"line":6,"column":31}},"4":{"start":{"line":7,"column":0},"end":{"line":7,"column":50}},"5":{"start":{"line":9,"column":0},"end":{"line":146,"column":3}},"6":{"start":{"line":12,"column":4},"end":{"line":12,"column":22}},"7":{"start":{"line":13,"column":4},"end":{"line":13,"column":15}},"8":{"start":{"line":14,"column":4},"end":{"line":14,"column":13}},"9":{"start":{"line":15,"column":4},"end":{"line":15,"column":75}},"10":{"start":{"line":17,"column":4},"end":{"line":42,"column":7}},"11":{"start":{"line":19,"column":8},"end":{"line":19,"column":35}},"12":{"start":{"line":20,"column":8},"end":{"line":20,"column":44}},"13":{"start":{"line":22,"column":8},"end":{"line":27,"column":8}},"14":{"start":{"line":23,"column":12},"end":{"line":23,"column":64}},"15":{"start":{"line":24,"column":12},"end":{"line":24,"column":39}},"16":{"start":{"line":27,"column":8},"end":{"line":27,"column":30}},"17":{"start":{"line":29,"column":8},"end":{"line":33,"column":8}},"18":{"start":{"line":33,"column":8},"end":{"line":33,"column":41}},"19":{"start":{"line":34,"column":8},"end":{"line":34,"column":50}},"20":{"start":{"line":35,"column":8},"end":{"line":35,"column":47}},"21":{"start":{"line":36,"column":8},"end":{"line":36,"column":47}},"22":{"start":{"line":37,"column":8},"end":{"line":37,"column":64}},"23":{"start":{"line":37,"column":51},"end":{"line":37,"column":62}},"24":{"start":{"line":39,"column":8},"end":{"line":39,"column":43}},"25":{"start":{"line":40,"column":8},"end":{"line":40,"column":39}},"26":{"start":{"line":44,"column":4},"end":{"line":52,"column":7}},"27":{"start":{"line":46,"column":8},"end":{"line":46,"column":56}},"28":{"start":{"line":47,"column":8},"end":{"line":47,"column":35}},"29":{"start":{"line":48,"column":8},"end":{"line":48,"column":22}},"30":{"start":{"line":49,"column":8},"end":{"line":49,"column":29}},"31":{"start":{"line":50,"column":8},"end":{"line":50,"column":20}},"32":{"start":{"line":54,"column":4},"end":{"line":60,"column":7}},"33":{"start":{"line":56,"column":8},"end":{"line":56,"column":62}},"34":{"start":{"line":57,"column":8},"end":{"line":57,"column":61}},"35":{"start":{"line":58,"column":8},"end":{"line":58,"column":125}},"36":{"start":{"line":62,"column":4},"end":{"line":79,"column":7}},"37":{"start":{"line":65,"column":8},"end":{"line":65,"column":61}},"38":{"start":{"line":66,"column":8},"end":{"line":66,"column":77}},"39":{"start":{"line":67,"column":8},"end":{"line":67,"column":85}},"40":{"start":{"line":68,"column":8},"end":{"line":68,"column":56}},"41":{"start":{"line":69,"column":8},"end":{"line":69,"column":56}},"42":{"start":{"line":71,"column":8},"end":{"line":71,"column":52}},"43":{"start":{"line":72,"column":8},"end":{"line":72,"column":35}},"44":{"start":{"line":73,"column":8},"end":{"line":73,"column":53}},"45":{"start":{"line":75,"column":8},"end":{"line":75,"column":28}},"46":{"start":{"line":76,"column":8},"end":{"line":76,"column":47}},"47":{"start":{"line":82,"column":4},"end":{"line":89,"column":7}},"48":{"start":{"line":84,"column":8},"end":{"line":84,"column":61}},"49":{"start":{"line":85,"column":8},"end":{"line":85,"column":56}},"50":{"start":{"line":86,"column":8},"end":{"line":86,"column":28}},"51":{"start":{"line":87,"column":8},"end":{"line":87,"column":47}},"52":{"start":{"line":92,"column":4},"end":{"line":143,"column":7}},"53":{"start":{"line":94,"column":8},"end":{"line":96,"column":11}},"54":{"start":{"line":95,"column":12},"end":{"line":95,"column":117}},"55":{"start":{"line":99,"column":8},"end":{"line":109,"column":11}},"56":{"start":{"line":101,"column":12},"end":{"line":101,"column":71}},"57":{"start":{"line":102,"column":12},"end":{"line":102,"column":81}},"58":{"start":{"line":103,"column":12},"end":{"line":103,"column":85}},"59":{"start":{"line":104,"column":12},"end":{"line":104,"column":73}},"60":{"start":{"line":105,"column":12},"end":{"line":105,"column":39}},"61":{"start":{"line":106,"column":12},"end":{"line":106,"column":64}},"62":{"start":{"line":107,"column":12},"end":{"line":107,"column":69}},"63":{"start":{"line":112,"column":8},"end":{"line":120,"column":11}},"64":{"start":{"line":114,"column":12},"end":{"line":114,"column":71}},"65":{"start":{"line":115,"column":12},"end":{"line":115,"column":81}},"66":{"start":{"line":116,"column":12},"end":{"line":116,"column":89}},"67":{"start":{"line":117,"column":12},"end":{"line":117,"column":39}},"68":{"start":{"line":118,"column":12},"end":{"line":118,"column":72}},"69":{"start":{"line":122,"column":8},"end":{"line":131,"column":11}},"70":{"start":{"line":124,"column":12},"end":{"line":124,"column":71}},"71":{"start":{"line":125,"column":12},"end":{"line":125,"column":81}},"72":{"start":{"line":126,"column":12},"end":{"line":126,"column":85}},"73":{"start":{"line":127,"column":12},"end":{"line":127,"column":102}},"74":{"start":{"line":128,"column":12},"end":{"line":128,"column":39}},"75":{"start":{"line":129,"column":12},"end":{"line":129,"column":68}},"76":{"start":{"line":133,"column":8},"end":{"line":141,"column":11}},"77":{"start":{"line":135,"column":12},"end":{"line":135,"column":71}},"78":{"start":{"line":136,"column":12},"end":{"line":136,"column":81}},"79":{"start":{"line":137,"column":12},"end":{"line":137,"column":89}},"80":{"start":{"line":138,"column":12},"end":{"line":138,"column":39}},"81":{"start":{"line":139,"column":12},"end":{"line":139,"column":71}}},"branchMap":{}},"/Users/arun.bakthavatchalam/skunkWorks/scraping/src/nndb.js":{"path":"/Users/arun.bakthavatchalam/skunkWorks/scraping/src/nndb.js","s":{"1":1,"2":8,"3":8,"4":8,"5":8,"6":8,"7":8,"8":8,"9":1,"10":1,"11":4,"12":4,"13":4,"14":8,"15":8,"16":6,"17":4,"18":4,"19":4,"20":1,"21":4,"22":4,"23":4,"24":4,"25":4,"26":4,"27":0,"28":1,"29":2,"30":1,"31":1,"32":1,"33":2,"34":2,"35":2,"36":2,"37":1,"38":2,"39":3,"40":1,"41":4,"42":4,"43":4,"44":4,"45":4,"46":4,"47":1,"48":4,"49":4,"50":4,"51":4,"52":14,"53":4,"54":4,"55":8,"56":8,"57":8,"58":4,"59":8,"60":1},"b":{"1":[6,2],"2":[4,0],"3":[4,0],"4":[1,1],"5":[2,1],"6":[4,4]},"f":{"1":8,"2":4,"3":8,"4":0,"5":4,"6":4,"7":0,"8":2,"9":2,"10":2,"11":4,"12":4,"13":14,"14":0,"15":8},"fnMap":{"1":{"name":"(anonymous_1)","line":5,"loc":{"start":{"line":5,"column":7},"end":{"line":5,"column":31}}},"2":{"name":"(anonymous_2)","line":19,"loc":{"start":{"line":19,"column":13},"end":{"line":19,"column":56}}},"3":{"name":"(anonymous_3)","line":24,"loc":{"start":{"line":24,"column":27},"end":{"line":24,"column":41}}},"4":{"name":"(anonymous_4)","line":34,"loc":{"start":{"line":34,"column":28},"end":{"line":34,"column":44}}},"5":{"name":"(anonymous_5)","line":38,"loc":{"start":{"line":38,"column":21},"end":{"line":38,"column":37}}},"6":{"name":"(anonymous_6)","line":45,"loc":{"start":{"line":45,"column":33},"end":{"line":45,"column":64}}},"7":{"name":"(anonymous_7)","line":56,"loc":{"start":{"line":56,"column":18},"end":{"line":56,"column":28}}},"8":{"name":"(anonymous_8)","line":64,"loc":{"start":{"line":64,"column":34},"end":{"line":64,"column":45}}},"9":{"name":"(anonymous_9)","line":73,"loc":{"start":{"line":73,"column":30},"end":{"line":73,"column":41}}},"10":{"name":"removeNoMoreResultsToken","line":81,"loc":{"start":{"line":81,"column":0},"end":{"line":81,"column":39}}},"11":{"name":"(anonymous_11)","line":87,"loc":{"start":{"line":87,"column":38},"end":{"line":87,"column":67}}},"12":{"name":"scrapeAdditionalInfoForJudge","line":102,"loc":{"start":{"line":102,"column":0},"end":{"line":102,"column":78}}},"13":{"name":"(anonymous_13)","line":108,"loc":{"start":{"line":108,"column":28},"end":{"line":108,"column":42}}},"14":{"name":"(anonymous_14)","line":112,"loc":{"start":{"line":112,"column":28},"end":{"line":112,"column":44}}},"15":{"name":"(anonymous_15)","line":115,"loc":{"start":{"line":115,"column":21},"end":{"line":115,"column":37}}}},"statementMap":{"1":{"start":{"line":5,"column":0},"end":{"line":15,"column":2}},"2":{"start":{"line":7,"column":4},"end":{"line":7,"column":39}},"3":{"start":{"line":8,"column":4},"end":{"line":8,"column":31}},"4":{"start":{"line":9,"column":4},"end":{"line":9,"column":25}},"5":{"start":{"line":10,"column":4},"end":{"line":10,"column":24}},"6":{"start":{"line":11,"column":4},"end":{"line":11,"column":31}},"7":{"start":{"line":12,"column":4},"end":{"line":12,"column":33}},"8":{"start":{"line":13,"column":4},"end":{"line":13,"column":37}},"9":{"start":{"line":17,"column":0},"end":{"line":17,"column":31}},"10":{"start":{"line":19,"column":0},"end":{"line":43,"column":2}},"11":{"start":{"line":21,"column":4},"end":{"line":21,"column":85}},"12":{"start":{"line":22,"column":4},"end":{"line":22,"column":31}},"13":{"start":{"line":24,"column":4},"end":{"line":32,"column":7}},"14":{"start":{"line":26,"column":8},"end":{"line":26,"column":62}},"15":{"start":{"line":28,"column":8},"end":{"line":30,"column":9}},"16":{"start":{"line":29,"column":12},"end":{"line":29,"column":46}},"17":{"start":{"line":34,"column":4},"end":{"line":36,"column":7}},"18":{"start":{"line":38,"column":4},"end":{"line":40,"column":7}},"19":{"start":{"line":39,"column":8},"end":{"line":39,"column":35}},"20":{"start":{"line":45,"column":0},"end":{"line":64,"column":0}},"21":{"start":{"line":47,"column":3},"end":{"line":47,"column":23}},"22":{"start":{"line":48,"column":3},"end":{"line":58,"column":4}},"23":{"start":{"line":50,"column":7},"end":{"line":54,"column":8}},"24":{"start":{"line":52,"column":11},"end":{"line":52,"column":61}},"25":{"start":{"line":53,"column":11},"end":{"line":53,"column":69}},"26":{"start":{"line":56,"column":7},"end":{"line":56,"column":81}},"27":{"start":{"line":56,"column":29},"end":{"line":56,"column":73}},"28":{"start":{"line":64,"column":0},"end":{"line":71,"column":2}},"29":{"start":{"line":66,"column":4},"end":{"line":69,"column":21}},"30":{"start":{"line":67,"column":8},"end":{"line":67,"column":20}},"31":{"start":{"line":69,"column":8},"end":{"line":69,"column":21}},"32":{"start":{"line":73,"column":0},"end":{"line":81,"column":0}},"33":{"start":{"line":75,"column":4},"end":{"line":75,"column":94}},"34":{"start":{"line":76,"column":4},"end":{"line":76,"column":56}},"35":{"start":{"line":77,"column":4},"end":{"line":77,"column":35}},"36":{"start":{"line":78,"column":4},"end":{"line":78,"column":33}},"37":{"start":{"line":81,"column":0},"end":{"line":84,"column":1}},"38":{"start":{"line":82,"column":4},"end":{"line":83,"column":38}},"39":{"start":{"line":83,"column":8},"end":{"line":83,"column":38}},"40":{"start":{"line":87,"column":0},"end":{"line":102,"column":0}},"41":{"start":{"line":89,"column":4},"end":{"line":89,"column":14}},"42":{"start":{"line":90,"column":4},"end":{"line":90,"column":45}},"43":{"start":{"line":92,"column":4},"end":{"line":98,"column":5}},"44":{"start":{"line":93,"column":8},"end":{"line":93,"column":51}},"45":{"start":{"line":95,"column":8},"end":{"line":95,"column":72}},"46":{"start":{"line":96,"column":8},"end":{"line":96,"column":12}},"47":{"start":{"line":102,"column":0},"end":{"line":123,"column":1}},"48":{"start":{"line":104,"column":4},"end":{"line":104,"column":83}},"49":{"start":{"line":105,"column":4},"end":{"line":105,"column":31}},"50":{"start":{"line":107,"column":4},"end":{"line":107,"column":24}},"51":{"start":{"line":108,"column":4},"end":{"line":110,"column":7}},"52":{"start":{"line":109,"column":8},"end":{"line":109,"column":39}},"53":{"start":{"line":112,"column":4},"end":{"line":113,"column":7}},"54":{"start":{"line":115,"column":4},"end":{"line":121,"column":7}},"55":{"start":{"line":116,"column":8},"end":{"line":116,"column":35}},"56":{"start":{"line":117,"column":8},"end":{"line":117,"column":58}},"57":{"start":{"line":118,"column":8},"end":{"line":119,"column":47}},"58":{"start":{"line":119,"column":12},"end":{"line":119,"column":47}},"59":{"start":{"line":120,"column":8},"end":{"line":120,"column":39}},"60":{"start":{"line":125,"column":0},"end":{"line":125,"column":20}}},"branchMap":{"1":{"line":28,"type":"if","locations":[{"start":{"line":28,"column":8},"end":{"line":28,"column":8}},{"start":{"line":28,"column":8},"end":{"line":28,"column":8}}]},"2":{"line":48,"type":"if","locations":[{"start":{"line":48,"column":3},"end":{"line":48,"column":3}},{"start":{"line":48,"column":3},"end":{"line":48,"column":3}}]},"3":{"line":50,"type":"if","locations":[{"start":{"line":50,"column":7},"end":{"line":50,"column":7}},{"start":{"line":50,"column":7},"end":{"line":50,"column":7}}]},"4":{"line":66,"type":"if","locations":[{"start":{"line":66,"column":4},"end":{"line":66,"column":4}},{"start":{"line":66,"column":4},"end":{"line":66,"column":4}}]},"5":{"line":66,"type":"binary-expr","locations":[{"start":{"line":66,"column":7},"end":{"line":66,"column":36}},{"start":{"line":66,"column":40},"end":{"line":66,"column":60}}]},"6":{"line":118,"type":"if","locations":[{"start":{"line":118,"column":8},"end":{"line":118,"column":8}},{"start":{"line":118,"column":8},"end":{"line":118,"column":8}}]}}}}