{"/Users/arun.bakthavatchalam/skunkWorks/scraping/spec/nndb_spec.js":{"path":"/Users/arun.bakthavatchalam/skunkWorks/scraping/spec/nndb_spec.js","s":{"1":1,"2":1,"3":1,"4":1,"5":1,"6":1,"7":1,"8":1,"9":1,"10":1,"11":1,"12":7,"13":7,"14":7,"15":32,"16":32,"17":7,"18":7,"19":7,"20":7,"21":7,"22":7,"23":7,"24":6,"25":7,"26":7,"27":7,"28":1,"29":1,"30":1,"31":1,"32":1,"33":1,"34":1,"35":1,"36":1,"37":1,"38":1,"39":1,"40":1,"41":1,"42":1,"43":1,"44":1,"45":1,"46":1,"47":1,"48":1,"49":1,"50":1,"51":1,"52":1,"53":2,"54":2,"55":2,"56":2,"57":2,"58":2,"59":2,"60":2,"61":2,"62":2,"63":1,"64":1,"65":1,"66":1,"67":1,"68":1,"69":1,"70":2,"71":2,"72":2,"73":2,"74":2,"75":2,"76":2,"77":2,"78":2,"79":1,"80":1,"81":1,"82":1},"b":{},"f":{"1":1,"2":7,"3":7,"4":32,"5":7,"6":7,"7":6,"8":2,"9":1,"10":1,"11":1,"12":1,"13":2,"14":1,"15":1,"16":1,"17":2,"18":1,"19":1},"fnMap":{"1":{"name":"(anonymous_1)","line":9,"loc":{"start":{"line":9,"column":31},"end":{"line":9,"column":42}}},"2":{"name":"(anonymous_2)","line":18,"loc":{"start":{"line":18,"column":15},"end":{"line":18,"column":26}}},"3":{"name":"(anonymous_3)","line":20,"loc":{"start":{"line":20,"column":21},"end":{"line":20,"column":32}}},"4":{"name":"(anonymous_4)","line":23,"loc":{"start":{"line":23,"column":39},"end":{"line":23,"column":59}}},"5":{"name":"(anonymous_5)","line":31,"loc":{"start":{"line":31,"column":16},"end":{"line":31,"column":27}}},"6":{"name":"(anonymous_6)","line":34,"loc":{"start":{"line":34,"column":28},"end":{"line":34,"column":38}}},"7":{"name":"(anonymous_7)","line":38,"loc":{"start":{"line":38,"column":39},"end":{"line":38,"column":50}}},"8":{"name":"(anonymous_8)","line":42,"loc":{"start":{"line":42,"column":19},"end":{"line":42,"column":30}}},"9":{"name":"(anonymous_9)","line":47,"loc":{"start":{"line":47,"column":31},"end":{"line":47,"column":42}}},"10":{"name":"(anonymous_10)","line":57,"loc":{"start":{"line":57,"column":114},"end":{"line":57,"column":124}}},"11":{"name":"(anonymous_11)","line":77,"loc":{"start":{"line":77,"column":63},"end":{"line":77,"column":73}}},"12":{"name":"(anonymous_12)","line":87,"loc":{"start":{"line":87,"column":61},"end":{"line":87,"column":71}}},"13":{"name":"(anonymous_13)","line":89,"loc":{"start":{"line":89,"column":19},"end":{"line":89,"column":30}}},"14":{"name":"(anonymous_14)","line":104,"loc":{"start":{"line":104,"column":67},"end":{"line":104,"column":77}}},"15":{"name":"(anonymous_15)","line":111,"loc":{"start":{"line":111,"column":88},"end":{"line":111,"column":98}}},"16":{"name":"(anonymous_16)","line":122,"loc":{"start":{"line":122,"column":73},"end":{"line":122,"column":83}}},"17":{"name":"(anonymous_17)","line":125,"loc":{"start":{"line":125,"column":19},"end":{"line":125,"column":30}}},"18":{"name":"(anonymous_18)","line":138,"loc":{"start":{"line":138,"column":54},"end":{"line":138,"column":64}}},"19":{"name":"(anonymous_19)","line":144,"loc":{"start":{"line":144,"column":44},"end":{"line":144,"column":54}}}},"statementMap":{"1":{"start":{"line":4,"column":0},"end":{"line":4,"column":26}},"2":{"start":{"line":5,"column":0},"end":{"line":5,"column":27}},"3":{"start":{"line":6,"column":0},"end":{"line":6,"column":31}},"4":{"start":{"line":7,"column":0},"end":{"line":7,"column":50}},"5":{"start":{"line":9,"column":0},"end":{"line":152,"column":3}},"6":{"start":{"line":12,"column":4},"end":{"line":12,"column":22}},"7":{"start":{"line":13,"column":4},"end":{"line":13,"column":15}},"8":{"start":{"line":14,"column":4},"end":{"line":14,"column":13}},"9":{"start":{"line":15,"column":4},"end":{"line":15,"column":17}},"10":{"start":{"line":16,"column":4},"end":{"line":16,"column":75}},"11":{"start":{"line":18,"column":4},"end":{"line":44,"column":7}},"12":{"start":{"line":20,"column":8},"end":{"line":20,"column":35}},"13":{"start":{"line":21,"column":8},"end":{"line":21,"column":44}},"14":{"start":{"line":23,"column":8},"end":{"line":28,"column":8}},"15":{"start":{"line":24,"column":12},"end":{"line":24,"column":64}},"16":{"start":{"line":25,"column":12},"end":{"line":25,"column":39}},"17":{"start":{"line":28,"column":8},"end":{"line":28,"column":30}},"18":{"start":{"line":30,"column":8},"end":{"line":34,"column":8}},"19":{"start":{"line":34,"column":8},"end":{"line":34,"column":41}},"20":{"start":{"line":35,"column":8},"end":{"line":35,"column":50}},"21":{"start":{"line":36,"column":8},"end":{"line":36,"column":47}},"22":{"start":{"line":37,"column":8},"end":{"line":37,"column":47}},"23":{"start":{"line":38,"column":8},"end":{"line":38,"column":64}},"24":{"start":{"line":38,"column":51},"end":{"line":38,"column":62}},"25":{"start":{"line":40,"column":8},"end":{"line":40,"column":43}},"26":{"start":{"line":41,"column":8},"end":{"line":41,"column":39}},"27":{"start":{"line":42,"column":8},"end":{"line":42,"column":33}},"28":{"start":{"line":47,"column":4},"end":{"line":55,"column":7}},"29":{"start":{"line":49,"column":8},"end":{"line":49,"column":62}},"30":{"start":{"line":50,"column":8},"end":{"line":50,"column":71}},"31":{"start":{"line":51,"column":8},"end":{"line":51,"column":125}},"32":{"start":{"line":52,"column":8},"end":{"line":52,"column":56}},"33":{"start":{"line":53,"column":8},"end":{"line":53,"column":35}},"34":{"start":{"line":57,"column":4},"end":{"line":74,"column":7}},"35":{"start":{"line":60,"column":8},"end":{"line":60,"column":71}},"36":{"start":{"line":61,"column":8},"end":{"line":61,"column":77}},"37":{"start":{"line":62,"column":8},"end":{"line":62,"column":85}},"38":{"start":{"line":63,"column":8},"end":{"line":63,"column":56}},"39":{"start":{"line":64,"column":8},"end":{"line":64,"column":56}},"40":{"start":{"line":66,"column":8},"end":{"line":66,"column":61}},"41":{"start":{"line":67,"column":8},"end":{"line":67,"column":35}},"42":{"start":{"line":68,"column":8},"end":{"line":68,"column":62}},"43":{"start":{"line":70,"column":8},"end":{"line":70,"column":36}},"44":{"start":{"line":71,"column":8},"end":{"line":71,"column":47}},"45":{"start":{"line":77,"column":4},"end":{"line":84,"column":7}},"46":{"start":{"line":79,"column":8},"end":{"line":79,"column":70}},"47":{"start":{"line":80,"column":8},"end":{"line":80,"column":56}},"48":{"start":{"line":81,"column":8},"end":{"line":81,"column":36}},"49":{"start":{"line":82,"column":8},"end":{"line":82,"column":47}},"50":{"start":{"line":83,"column":8},"end":{"line":83,"column":35}},"51":{"start":{"line":87,"column":4},"end":{"line":118,"column":7}},"52":{"start":{"line":89,"column":8},"end":{"line":101,"column":11}},"53":{"start":{"line":90,"column":12},"end":{"line":90,"column":117}},"54":{"start":{"line":91,"column":12},"end":{"line":91,"column":80}},"55":{"start":{"line":92,"column":12},"end":{"line":92,"column":90}},"56":{"start":{"line":93,"column":12},"end":{"line":93,"column":61}},"57":{"start":{"line":94,"column":12},"end":{"line":94,"column":81}},"58":{"start":{"line":95,"column":12},"end":{"line":95,"column":85}},"59":{"start":{"line":96,"column":12},"end":{"line":96,"column":69}},"60":{"start":{"line":97,"column":12},"end":{"line":97,"column":73}},"61":{"start":{"line":98,"column":12},"end":{"line":98,"column":46}},"62":{"start":{"line":99,"column":12},"end":{"line":99,"column":39}},"63":{"start":{"line":104,"column":8},"end":{"line":109,"column":11}},"64":{"start":{"line":106,"column":12},"end":{"line":106,"column":64}},"65":{"start":{"line":107,"column":12},"end":{"line":107,"column":69}},"66":{"start":{"line":111,"column":8},"end":{"line":115,"column":11}},"67":{"start":{"line":113,"column":12},"end":{"line":113,"column":68}},"68":{"start":{"line":122,"column":4},"end":{"line":150,"column":7}},"69":{"start":{"line":125,"column":8},"end":{"line":136,"column":11}},"70":{"start":{"line":126,"column":12},"end":{"line":126,"column":117}},"71":{"start":{"line":127,"column":12},"end":{"line":127,"column":80}},"72":{"start":{"line":128,"column":12},"end":{"line":128,"column":90}},"73":{"start":{"line":129,"column":12},"end":{"line":129,"column":61}},"74":{"start":{"line":130,"column":12},"end":{"line":130,"column":81}},"75":{"start":{"line":131,"column":12},"end":{"line":131,"column":85}},"76":{"start":{"line":132,"column":12},"end":{"line":132,"column":47}},"77":{"start":{"line":133,"column":12},"end":{"line":133,"column":46}},"78":{"start":{"line":134,"column":12},"end":{"line":134,"column":39}},"79":{"start":{"line":138,"column":8},"end":{"line":142,"column":11}},"80":{"start":{"line":140,"column":12},"end":{"line":140,"column":72}},"81":{"start":{"line":144,"column":8},"end":{"line":148,"column":11}},"82":{"start":{"line":146,"column":12},"end":{"line":146,"column":71}}},"branchMap":{}},"/Users/arun.bakthavatchalam/skunkWorks/scraping/src/nndb.js":{"path":"/Users/arun.bakthavatchalam/skunkWorks/scraping/src/nndb.js","s":{"1":1,"2":1,"3":7,"4":7,"5":7,"6":7,"7":7,"8":7,"9":7,"10":7,"11":1,"12":3,"13":3,"14":3,"15":6,"16":6,"17":4,"18":3,"19":3,"20":3,"21":1,"22":3,"23":3,"24":3,"25":3,"26":3,"27":3,"28":0,"29":0,"30":0,"31":0,"32":0,"33":1,"34":2,"35":1,"36":1,"37":1,"38":0,"39":1,"40":2,"41":2,"42":2,"43":2,"44":1,"45":2,"46":3,"47":1,"48":4,"49":4,"50":4,"51":4,"52":4,"53":1,"54":4,"55":4,"56":0,"57":0,"58":1,"59":1,"60":4,"61":4,"62":4,"63":4,"64":4,"65":26,"66":4,"67":4,"68":4,"69":4,"70":0,"71":4,"72":0,"73":4,"74":4,"75":4,"76":4,"77":2,"78":4,"79":4,"80":4,"81":0,"82":0,"83":1},"b":{"1":[4,2],"2":[3,0],"3":[3,0],"4":[0,0],"5":[1,1],"6":[2,1],"7":[4,0],"8":[0,4],"9":[0,4],"10":[0,0],"11":[4,0],"12":[2,2],"13":[4,0],"14":[0,0]},"f":{"1":7,"2":3,"3":6,"4":0,"5":3,"6":3,"7":0,"8":0,"9":2,"10":0,"11":2,"12":2,"13":4,"14":4,"15":0,"16":4,"17":26,"18":0,"19":4,"20":0},"fnMap":{"1":{"name":"(anonymous_1)","line":6,"loc":{"start":{"line":6,"column":7},"end":{"line":6,"column":31}}},"2":{"name":"(anonymous_2)","line":20,"loc":{"start":{"line":20,"column":13},"end":{"line":20,"column":56}}},"3":{"name":"(anonymous_3)","line":25,"loc":{"start":{"line":25,"column":27},"end":{"line":25,"column":41}}},"4":{"name":"(anonymous_4)","line":34,"loc":{"start":{"line":34,"column":28},"end":{"line":34,"column":44}}},"5":{"name":"(anonymous_5)","line":38,"loc":{"start":{"line":38,"column":21},"end":{"line":38,"column":37}}},"6":{"name":"(anonymous_6)","line":45,"loc":{"start":{"line":45,"column":33},"end":{"line":45,"column":74}}},"7":{"name":"(anonymous_7)","line":56,"loc":{"start":{"line":56,"column":18},"end":{"line":56,"column":28}}},"8":{"name":"(anonymous_8)","line":62,"loc":{"start":{"line":62,"column":19},"end":{"line":62,"column":29}}},"9":{"name":"(anonymous_9)","line":68,"loc":{"start":{"line":68,"column":43},"end":{"line":68,"column":54}}},"10":{"name":"(anonymous_10)","line":77,"loc":{"start":{"line":77,"column":39},"end":{"line":77,"column":50}}},"11":{"name":"(anonymous_11)","line":81,"loc":{"start":{"line":81,"column":30},"end":{"line":81,"column":49}}},"12":{"name":"removeNoMoreResultsToken","line":91,"loc":{"start":{"line":91,"column":0},"end":{"line":91,"column":45}}},"13":{"name":"(anonymous_13)","line":97,"loc":{"start":{"line":97,"column":38},"end":{"line":97,"column":77}}},"14":{"name":"throttleScraping","line":111,"loc":{"start":{"line":111,"column":0},"end":{"line":111,"column":72}}},"15":{"name":"(anonymous_15)","line":116,"loc":{"start":{"line":116,"column":19},"end":{"line":116,"column":30}}},"16":{"name":"scrapeAdditionalInfoForJudge","line":125,"loc":{"start":{"line":125,"column":0},"end":{"line":125,"column":88}}},"17":{"name":"(anonymous_17)","line":132,"loc":{"start":{"line":132,"column":28},"end":{"line":132,"column":42}}},"18":{"name":"(anonymous_18)","line":136,"loc":{"start":{"line":136,"column":28},"end":{"line":136,"column":44}}},"19":{"name":"(anonymous_19)","line":140,"loc":{"start":{"line":140,"column":21},"end":{"line":140,"column":37}}},"20":{"name":"(anonymous_20)","line":161,"loc":{"start":{"line":161,"column":23},"end":{"line":161,"column":33}}}},"statementMap":{"1":{"start":{"line":4,"column":0},"end":{"line":4,"column":29}},"2":{"start":{"line":6,"column":0},"end":{"line":17,"column":2}},"3":{"start":{"line":8,"column":4},"end":{"line":8,"column":25}},"4":{"start":{"line":9,"column":4},"end":{"line":9,"column":39}},"5":{"start":{"line":10,"column":4},"end":{"line":10,"column":31}},"6":{"start":{"line":11,"column":4},"end":{"line":11,"column":25}},"7":{"start":{"line":12,"column":4},"end":{"line":12,"column":24}},"8":{"start":{"line":13,"column":4},"end":{"line":13,"column":31}},"9":{"start":{"line":14,"column":4},"end":{"line":14,"column":33}},"10":{"start":{"line":15,"column":4},"end":{"line":15,"column":37}},"11":{"start":{"line":20,"column":0},"end":{"line":43,"column":2}},"12":{"start":{"line":22,"column":4},"end":{"line":22,"column":85}},"13":{"start":{"line":23,"column":4},"end":{"line":23,"column":31}},"14":{"start":{"line":25,"column":4},"end":{"line":32,"column":7}},"15":{"start":{"line":27,"column":8},"end":{"line":27,"column":62}},"16":{"start":{"line":28,"column":8},"end":{"line":30,"column":9}},"17":{"start":{"line":29,"column":12},"end":{"line":29,"column":46}},"18":{"start":{"line":34,"column":4},"end":{"line":36,"column":7}},"19":{"start":{"line":38,"column":4},"end":{"line":40,"column":7}},"20":{"start":{"line":39,"column":8},"end":{"line":39,"column":35}},"21":{"start":{"line":45,"column":0},"end":{"line":68,"column":0}},"22":{"start":{"line":47,"column":3},"end":{"line":47,"column":19}},"23":{"start":{"line":48,"column":3},"end":{"line":63,"column":4}},"24":{"start":{"line":50,"column":7},"end":{"line":54,"column":8}},"25":{"start":{"line":52,"column":11},"end":{"line":52,"column":61}},"26":{"start":{"line":53,"column":11},"end":{"line":53,"column":69}},"27":{"start":{"line":56,"column":7},"end":{"line":56,"column":87}},"28":{"start":{"line":56,"column":29},"end":{"line":56,"column":79}},"29":{"start":{"line":59,"column":7},"end":{"line":62,"column":90}},"30":{"start":{"line":60,"column":11},"end":{"line":60,"column":65}},"31":{"start":{"line":62,"column":8},"end":{"line":62,"column":90}},"32":{"start":{"line":62,"column":30},"end":{"line":62,"column":81}},"33":{"start":{"line":68,"column":0},"end":{"line":75,"column":2}},"34":{"start":{"line":70,"column":4},"end":{"line":73,"column":21}},"35":{"start":{"line":71,"column":8},"end":{"line":71,"column":20}},"36":{"start":{"line":73,"column":8},"end":{"line":73,"column":21}},"37":{"start":{"line":77,"column":0},"end":{"line":81,"column":0}},"38":{"start":{"line":78,"column":4},"end":{"line":78,"column":41}},"39":{"start":{"line":81,"column":0},"end":{"line":91,"column":0}},"40":{"start":{"line":83,"column":4},"end":{"line":83,"column":94}},"41":{"start":{"line":84,"column":4},"end":{"line":84,"column":56}},"42":{"start":{"line":85,"column":4},"end":{"line":85,"column":46}},"43":{"start":{"line":86,"column":4},"end":{"line":86,"column":71}},"44":{"start":{"line":91,"column":0},"end":{"line":94,"column":1}},"45":{"start":{"line":92,"column":4},"end":{"line":93,"column":33}},"46":{"start":{"line":93,"column":8},"end":{"line":93,"column":33}},"47":{"start":{"line":97,"column":0},"end":{"line":111,"column":0}},"48":{"start":{"line":99,"column":4},"end":{"line":99,"column":14}},"49":{"start":{"line":100,"column":4},"end":{"line":100,"column":45}},"50":{"start":{"line":102,"column":4},"end":{"line":107,"column":5}},"51":{"start":{"line":104,"column":7},"end":{"line":104,"column":82}},"52":{"start":{"line":105,"column":7},"end":{"line":105,"column":11}},"53":{"start":{"line":111,"column":0},"end":{"line":120,"column":1}},"54":{"start":{"line":113,"column":4},"end":{"line":118,"column":16}},"55":{"start":{"line":114,"column":8},"end":{"line":114,"column":82}},"56":{"start":{"line":116,"column":8},"end":{"line":118,"column":16}},"57":{"start":{"line":117,"column":12},"end":{"line":118,"column":8}},"58":{"start":{"line":123,"column":0},"end":{"line":123,"column":52}},"59":{"start":{"line":125,"column":0},"end":{"line":168,"column":1}},"60":{"start":{"line":127,"column":4},"end":{"line":127,"column":37}},"61":{"start":{"line":128,"column":4},"end":{"line":128,"column":83}},"62":{"start":{"line":129,"column":4},"end":{"line":129,"column":31}},"63":{"start":{"line":131,"column":4},"end":{"line":131,"column":24}},"64":{"start":{"line":132,"column":4},"end":{"line":134,"column":7}},"65":{"start":{"line":133,"column":8},"end":{"line":133,"column":39}},"66":{"start":{"line":136,"column":4},"end":{"line":138,"column":7}},"67":{"start":{"line":140,"column":4},"end":{"line":166,"column":7}},"68":{"start":{"line":141,"column":8},"end":{"line":141,"column":35}},"69":{"start":{"line":142,"column":8},"end":{"line":143,"column":19}},"70":{"start":{"line":143,"column":12},"end":{"line":143,"column":19}},"71":{"start":{"line":145,"column":8},"end":{"line":148,"column":52}},"72":{"start":{"line":146,"column":12},"end":{"line":146,"column":52}},"73":{"start":{"line":148,"column":12},"end":{"line":148,"column":52}},"74":{"start":{"line":150,"column":8},"end":{"line":155,"column":9}},"75":{"start":{"line":151,"column":12},"end":{"line":151,"column":38}},"76":{"start":{"line":157,"column":8},"end":{"line":158,"column":47}},"77":{"start":{"line":158,"column":12},"end":{"line":158,"column":47}},"78":{"start":{"line":159,"column":8},"end":{"line":159,"column":34}},"79":{"start":{"line":160,"column":8},"end":{"line":165,"column":9}},"80":{"start":{"line":161,"column":12},"end":{"line":164,"column":21}},"81":{"start":{"line":162,"column":16},"end":{"line":163,"column":91}},"82":{"start":{"line":163,"column":20},"end":{"line":163,"column":91}},"83":{"start":{"line":170,"column":0},"end":{"line":170,"column":20}}},"branchMap":{"1":{"line":28,"type":"if","locations":[{"start":{"line":28,"column":8},"end":{"line":28,"column":8}},{"start":{"line":28,"column":8},"end":{"line":28,"column":8}}]},"2":{"line":48,"type":"if","locations":[{"start":{"line":48,"column":3},"end":{"line":48,"column":3}},{"start":{"line":48,"column":3},"end":{"line":48,"column":3}}]},"3":{"line":50,"type":"if","locations":[{"start":{"line":50,"column":7},"end":{"line":50,"column":7}},{"start":{"line":50,"column":7},"end":{"line":50,"column":7}}]},"4":{"line":59,"type":"if","locations":[{"start":{"line":59,"column":7},"end":{"line":59,"column":7}},{"start":{"line":59,"column":7},"end":{"line":59,"column":7}}]},"5":{"line":70,"type":"if","locations":[{"start":{"line":70,"column":4},"end":{"line":70,"column":4}},{"start":{"line":70,"column":4},"end":{"line":70,"column":4}}]},"6":{"line":70,"type":"binary-expr","locations":[{"start":{"line":70,"column":7},"end":{"line":70,"column":36}},{"start":{"line":70,"column":40},"end":{"line":70,"column":60}}]},"7":{"line":113,"type":"if","locations":[{"start":{"line":113,"column":4},"end":{"line":113,"column":4}},{"start":{"line":113,"column":4},"end":{"line":113,"column":4}}]},"8":{"line":142,"type":"if","locations":[{"start":{"line":142,"column":8},"end":{"line":142,"column":8}},{"start":{"line":142,"column":8},"end":{"line":142,"column":8}}]},"9":{"line":145,"type":"if","locations":[{"start":{"line":145,"column":8},"end":{"line":145,"column":8}},{"start":{"line":145,"column":8},"end":{"line":145,"column":8}}]},"10":{"line":146,"type":"binary-expr","locations":[{"start":{"line":146,"column":20},"end":{"line":146,"column":45}},{"start":{"line":146,"column":49},"end":{"line":146,"column":51}}]},"11":{"line":148,"type":"binary-expr","locations":[{"start":{"line":148,"column":20},"end":{"line":148,"column":45}},{"start":{"line":148,"column":49},"end":{"line":148,"column":51}}]},"12":{"line":157,"type":"if","locations":[{"start":{"line":157,"column":8},"end":{"line":157,"column":8}},{"start":{"line":157,"column":8},"end":{"line":157,"column":8}}]},"13":{"line":160,"type":"if","locations":[{"start":{"line":160,"column":8},"end":{"line":160,"column":8}},{"start":{"line":160,"column":8},"end":{"line":160,"column":8}}]},"14":{"line":162,"type":"if","locations":[{"start":{"line":162,"column":16},"end":{"line":162,"column":16}},{"start":{"line":162,"column":16},"end":{"line":162,"column":16}}]}}},"/Users/arun.bakthavatchalam/skunkWorks/scraping/spec/nndb_webserver_spec.js":{"path":"/Users/arun.bakthavatchalam/skunkWorks/scraping/spec/nndb_webserver_spec.js","s":{"1":1,"2":1,"3":1,"4":1,"5":1,"6":1,"7":1,"8":1,"9":1,"10":1,"11":1,"12":1,"13":1,"14":1,"15":1,"16":1,"17":1,"18":1,"19":1},"b":{},"f":{"1":1,"2":1,"3":1},"fnMap":{"1":{"name":"(anonymous_1)","line":8,"loc":{"start":{"line":8,"column":42},"end":{"line":8,"column":52}}},"2":{"name":"(anonymous_2)","line":15,"loc":{"start":{"line":15,"column":15},"end":{"line":15,"column":25}}},"3":{"name":"(anonymous_3)","line":109,"loc":{"start":{"line":109,"column":61},"end":{"line":109,"column":71}}}},"statementMap":{"1":{"start":{"line":5,"column":0},"end":{"line":5,"column":36}},"2":{"start":{"line":6,"column":0},"end":{"line":6,"column":27}},"3":{"start":{"line":8,"column":0},"end":{"line":122,"column":3}},"4":{"start":{"line":10,"column":4},"end":{"line":10,"column":19}},"5":{"start":{"line":11,"column":4},"end":{"line":11,"column":13}},"6":{"start":{"line":12,"column":4},"end":{"line":12,"column":19}},"7":{"start":{"line":13,"column":4},"end":{"line":13,"column":22}},"8":{"start":{"line":15,"column":4},"end":{"line":107,"column":7}},"9":{"start":{"line":17,"column":8},"end":{"line":100,"column":47}},"10":{"start":{"line":102,"column":8},"end":{"line":102,"column":40}},"11":{"start":{"line":103,"column":8},"end":{"line":103,"column":42}},"12":{"start":{"line":104,"column":8},"end":{"line":104,"column":54}},"13":{"start":{"line":105,"column":8},"end":{"line":105,"column":46}},"14":{"start":{"line":109,"column":4},"end":{"line":116,"column":7}},"15":{"start":{"line":110,"column":8},"end":{"line":110,"column":31}},"16":{"start":{"line":111,"column":8},"end":{"line":111,"column":50}},"17":{"start":{"line":112,"column":8},"end":{"line":112,"column":44}},"18":{"start":{"line":113,"column":8},"end":{"line":113,"column":62}},"19":{"start":{"line":114,"column":8},"end":{"line":114,"column":73}}},"branchMap":{}},"/Users/arun.bakthavatchalam/skunkWorks/scraping/src/nndb_webserver.js":{"path":"/Users/arun.bakthavatchalam/skunkWorks/scraping/src/nndb_webserver.js","s":{"1":1,"2":1,"3":1,"4":1,"5":1,"6":0,"7":0,"8":0,"9":0,"10":0,"11":0,"12":0,"13":0,"14":0,"15":0,"16":0,"17":1,"18":0,"19":0,"20":0,"21":0,"22":0,"23":0,"24":0,"25":0,"26":0,"27":0,"28":0,"29":0,"30":0,"31":0,"32":0,"33":0,"34":0,"35":0,"36":0,"37":0,"38":0,"39":0,"40":0,"41":0,"42":1,"43":0,"44":0,"45":0,"46":1,"47":0,"48":0,"49":0,"50":1,"51":1,"52":1,"53":26,"54":0,"55":26,"56":6,"57":20,"58":1,"59":26,"60":12,"61":26},"b":{"1":[0,0],"2":[0,0],"3":[0,0],"4":[0,0],"5":[0,0],"6":[0,0],"7":[0,0],"8":[0,26],"9":[6,20],"10":[12,14]},"f":{"1":1,"2":0,"3":0,"4":0,"5":0,"6":0,"7":0,"8":0,"9":0,"10":1,"11":26,"12":26},"fnMap":{"1":{"name":"(anonymous_1)","line":7,"loc":{"start":{"line":7,"column":16},"end":{"line":7,"column":37}}},"2":{"name":"(anonymous_2)","line":13,"loc":{"start":{"line":13,"column":37},"end":{"line":13,"column":48}}},"3":{"name":"(anonymous_3)","line":20,"loc":{"start":{"line":20,"column":35},"end":{"line":20,"column":53}}},"4":{"name":"(anonymous_4)","line":40,"loc":{"start":{"line":40,"column":31},"end":{"line":40,"column":45}}},"5":{"name":"(anonymous_5)","line":57,"loc":{"start":{"line":57,"column":17},"end":{"line":57,"column":31}}},"6":{"name":"(anonymous_6)","line":63,"loc":{"start":{"line":63,"column":24},"end":{"line":63,"column":37}}},"7":{"name":"(anonymous_7)","line":67,"loc":{"start":{"line":67,"column":27},"end":{"line":67,"column":42}}},"8":{"name":"notFound","line":89,"loc":{"start":{"line":89,"column":0},"end":{"line":89,"column":23}}},"9":{"name":"badRequest","line":95,"loc":{"start":{"line":95,"column":0},"end":{"line":95,"column":25}}},"10":{"name":"(anonymous_10)","line":101,"loc":{"start":{"line":101,"column":39},"end":{"line":101,"column":63}}},"11":{"name":"(anonymous_11)","line":104,"loc":{"start":{"line":104,"column":23},"end":{"line":104,"column":38}}},"12":{"name":"insertJudgeForState","line":115,"loc":{"start":{"line":115,"column":0},"end":{"line":115,"column":58}}}},"statementMap":{"1":{"start":{"line":4,"column":0},"end":{"line":4,"column":28}},"2":{"start":{"line":5,"column":0},"end":{"line":5,"column":27}},"3":{"start":{"line":7,"column":0},"end":{"line":10,"column":2}},"4":{"start":{"line":9,"column":4},"end":{"line":9,"column":33}},"5":{"start":{"line":13,"column":0},"end":{"line":40,"column":0}},"6":{"start":{"line":15,"column":4},"end":{"line":15,"column":26}},"7":{"start":{"line":16,"column":4},"end":{"line":16,"column":38}},"8":{"start":{"line":18,"column":4},"end":{"line":18,"column":33}},"9":{"start":{"line":20,"column":4},"end":{"line":33,"column":7}},"10":{"start":{"line":21,"column":8},"end":{"line":32,"column":9}},"11":{"start":{"line":22,"column":12},"end":{"line":29,"column":13}},"12":{"start":{"line":24,"column":20},"end":{"line":24,"column":41}},"13":{"start":{"line":25,"column":20},"end":{"line":25,"column":26}},"14":{"start":{"line":28,"column":20},"end":{"line":28,"column":36}},"15":{"start":{"line":31,"column":12},"end":{"line":31,"column":26}},"16":{"start":{"line":35,"column":4},"end":{"line":35,"column":24}},"17":{"start":{"line":40,"column":0},"end":{"line":89,"column":0}},"18":{"start":{"line":42,"column":4},"end":{"line":42,"column":53}},"19":{"start":{"line":44,"column":4},"end":{"line":44,"column":18}},"20":{"start":{"line":45,"column":4},"end":{"line":45,"column":27}},"21":{"start":{"line":47,"column":4},"end":{"line":47,"column":37}},"22":{"start":{"line":49,"column":5},"end":{"line":49,"column":37}},"23":{"start":{"line":51,"column":4},"end":{"line":54,"column":5}},"24":{"start":{"line":52,"column":8},"end":{"line":53,"column":27}},"25":{"start":{"line":53,"column":12},"end":{"line":53,"column":27}},"26":{"start":{"line":56,"column":4},"end":{"line":56,"column":16}},"27":{"start":{"line":57,"column":4},"end":{"line":74,"column":7}},"28":{"start":{"line":59,"column":8},"end":{"line":72,"column":9}},"29":{"start":{"line":60,"column":12},"end":{"line":60,"column":77}},"30":{"start":{"line":61,"column":12},"end":{"line":61,"column":44}},"31":{"start":{"line":63,"column":12},"end":{"line":65,"column":15}},"32":{"start":{"line":64,"column":16},"end":{"line":64,"column":94}},"33":{"start":{"line":67,"column":12},"end":{"line":70,"column":15}},"34":{"start":{"line":68,"column":16},"end":{"line":68,"column":82}},"35":{"start":{"line":69,"column":16},"end":{"line":70,"column":12}},"36":{"start":{"line":71,"column":12},"end":{"line":71,"column":44}},"37":{"start":{"line":78,"column":4},"end":{"line":78,"column":49}},"38":{"start":{"line":79,"column":4},"end":{"line":82,"column":25}},"39":{"start":{"line":84,"column":4},"end":{"line":84,"column":47}},"40":{"start":{"line":85,"column":4},"end":{"line":85,"column":61}},"41":{"start":{"line":86,"column":4},"end":{"line":86,"column":18}},"42":{"start":{"line":89,"column":0},"end":{"line":93,"column":1}},"43":{"start":{"line":90,"column":4},"end":{"line":90,"column":25}},"44":{"start":{"line":91,"column":4},"end":{"line":91,"column":48}},"45":{"start":{"line":92,"column":4},"end":{"line":92,"column":25}},"46":{"start":{"line":95,"column":0},"end":{"line":99,"column":1}},"47":{"start":{"line":96,"column":4},"end":{"line":96,"column":25}},"48":{"start":{"line":97,"column":4},"end":{"line":97,"column":48}},"49":{"start":{"line":98,"column":4},"end":{"line":98,"column":27}},"50":{"start":{"line":101,"column":0},"end":{"line":115,"column":0}},"51":{"start":{"line":103,"column":4},"end":{"line":103,"column":53}},"52":{"start":{"line":104,"column":4},"end":{"line":111,"column":7}},"53":{"start":{"line":105,"column":8},"end":{"line":110,"column":93}},"54":{"start":{"line":106,"column":12},"end":{"line":106,"column":81}},"55":{"start":{"line":107,"column":13},"end":{"line":110,"column":93}},"56":{"start":{"line":108,"column":12},"end":{"line":108,"column":86}},"57":{"start":{"line":110,"column":12},"end":{"line":110,"column":93}},"58":{"start":{"line":115,"column":0},"end":{"line":122,"column":1}},"59":{"start":{"line":117,"column":4},"end":{"line":118,"column":34}},"60":{"start":{"line":118,"column":8},"end":{"line":118,"column":34}},"61":{"start":{"line":120,"column":4},"end":{"line":120,"column":37}}},"branchMap":{"1":{"line":21,"type":"if","locations":[{"start":{"line":21,"column":8},"end":{"line":21,"column":8}},{"start":{"line":21,"column":8},"end":{"line":21,"column":8}}]},"2":{"line":22,"type":"switch","locations":[{"start":{"line":23,"column":16},"end":{"line":25,"column":26}},{"start":{"line":27,"column":16},"end":{"line":28,"column":36}}]},"3":{"line":52,"type":"if","locations":[{"start":{"line":52,"column":8},"end":{"line":52,"column":8}},{"start":{"line":52,"column":8},"end":{"line":52,"column":8}}]},"4":{"line":59,"type":"if","locations":[{"start":{"line":59,"column":8},"end":{"line":59,"column":8}},{"start":{"line":59,"column":8},"end":{"line":59,"column":8}}]},"5":{"line":64,"type":"cond-expr","locations":[{"start":{"line":64,"column":66},"end":{"line":64,"column":67}},{"start":{"line":64,"column":69},"end":{"line":64,"column":93}}]},"6":{"line":64,"type":"cond-expr","locations":[{"start":{"line":64,"column":88},"end":{"line":64,"column":90}},{"start":{"line":64,"column":92},"end":{"line":64,"column":93}}]},"7":{"line":68,"type":"cond-expr","locations":[{"start":{"line":68,"column":60},"end":{"line":68,"column":62}},{"start":{"line":68,"column":63},"end":{"line":68,"column":81}}]},"8":{"line":105,"type":"if","locations":[{"start":{"line":105,"column":8},"end":{"line":105,"column":8}},{"start":{"line":105,"column":8},"end":{"line":105,"column":8}}]},"9":{"line":107,"type":"if","locations":[{"start":{"line":107,"column":13},"end":{"line":107,"column":13}},{"start":{"line":107,"column":13},"end":{"line":107,"column":13}}]},"10":{"line":117,"type":"if","locations":[{"start":{"line":117,"column":4},"end":{"line":117,"column":4}},{"start":{"line":117,"column":4},"end":{"line":117,"column":4}}]}}},"/Users/arun.bakthavatchalam/skunkWorks/scraping/src/nndb_runner.js":{"path":"/Users/arun.bakthavatchalam/skunkWorks/scraping/src/nndb_runner.js","s":{"1":1,"2":1,"3":1,"4":1,"5":1,"6":1,"7":0,"8":0,"9":0,"10":0,"11":0,"12":0,"13":0,"14":0,"15":0,"16":0},"b":{},"f":{"1":1,"2":0,"3":0,"4":0,"5":0,"6":0,"7":0},"fnMap":{"1":{"name":"(anonymous_1)","line":8,"loc":{"start":{"line":8,"column":14},"end":{"line":8,"column":29}}},"2":{"name":"(anonymous_2)","line":14,"loc":{"start":{"line":14,"column":34},"end":{"line":14,"column":45}}},"3":{"name":"(anonymous_3)","line":20,"loc":{"start":{"line":20,"column":8},"end":{"line":20,"column":26}}},"4":{"name":"(anonymous_4)","line":25,"loc":{"start":{"line":25,"column":8},"end":{"line":25,"column":27}}},"5":{"name":"(anonymous_5)","line":29,"loc":{"start":{"line":29,"column":8},"end":{"line":29,"column":26}}},"6":{"name":"(anonymous_6)","line":33,"loc":{"start":{"line":33,"column":8},"end":{"line":33,"column":26}}},"7":{"name":"(anonymous_7)","line":38,"loc":{"start":{"line":38,"column":7},"end":{"line":38,"column":32}}}},"statementMap":{"1":{"start":{"line":4,"column":0},"end":{"line":4,"column":29}},"2":{"start":{"line":5,"column":0},"end":{"line":5,"column":21}},"3":{"start":{"line":6,"column":0},"end":{"line":6,"column":45}},"4":{"start":{"line":8,"column":0},"end":{"line":14,"column":0}},"5":{"start":{"line":10,"column":4},"end":{"line":10,"column":21}},"6":{"start":{"line":14,"column":0},"end":{"line":45,"column":0}},"7":{"start":{"line":16,"column":4},"end":{"line":16,"column":25}},"8":{"start":{"line":18,"column":4},"end":{"line":39,"column":7}},"9":{"start":{"line":21,"column":12},"end":{"line":21,"column":45}},"10":{"start":{"line":22,"column":12},"end":{"line":22,"column":74}},"11":{"start":{"line":26,"column":12},"end":{"line":26,"column":41}},"12":{"start":{"line":27,"column":12},"end":{"line":27,"column":40}},"13":{"start":{"line":30,"column":12},"end":{"line":30,"column":58}},"14":{"start":{"line":31,"column":12},"end":{"line":31,"column":79}},"15":{"start":{"line":34,"column":12},"end":{"line":34,"column":54}},"16":{"start":{"line":35,"column":12},"end":{"line":35,"column":69}}},"branchMap":{}}}