TN:
SF:/Users/arun.bakthavatchalam/skunkWorks/scraping/spec/TDDQuestionSpec.js
FN:3,(anonymous_1)
FN:5,(anonymous_2)
FN:9,(anonymous_3)
FN:12,(anonymous_4)
FN:18,(anonymous_5)
FN:19,(anonymous_6)
FNF:6
FNH:5
FNDA:1,(anonymous_1)
FNDA:1,(anonymous_2)
FNDA:1,(anonymous_3)
FNDA:1,(anonymous_4)
FNDA:0,(anonymous_5)
FNDA:1,(anonymous_6)
DA:1,1
DA:3,1
DA:5,1
DA:8,1
DA:11,1
DA:15,1
DA:18,0
DA:21,1
DA:22,1
DA:23,1
DA:25,1
DA:26,1
LF:12
LH:11
BRF:0
BRH:0
end_of_record
TN:
SF:/Users/arun.bakthavatchalam/skunkWorks/scraping/src/TDDQuestion.js
FN:4,(anonymous_1)
FN:8,(anonymous_2)
FN:14,(anonymous_3)
FN:20,(anonymous_4)
FN:24,(anonymous_5)
FNF:5
FNH:0
FNDA:0,(anonymous_1)
FNDA:0,(anonymous_2)
FNDA:0,(anonymous_3)
FNDA:0,(anonymous_4)
FNDA:0,(anonymous_5)
DA:1,1
DA:2,1
DA:4,1
DA:5,0
DA:8,1
DA:10,0
DA:11,0
DA:14,0
DA:16,0
DA:20,0
DA:21,0
DA:24,0
DA:25,0
DA:28,0
DA:32,1
LF:15
LH:5
BRF:0
BRH:0
end_of_record
TN:
SF:/Users/arun.bakthavatchalam/skunkWorks/scraping/spec/nndb_spec.js
FN:9,(anonymous_1)
FN:17,(anonymous_2)
FN:19,(anonymous_3)
FN:22,(anonymous_4)
FN:30,(anonymous_5)
FN:33,(anonymous_6)
FN:37,(anonymous_7)
FN:44,(anonymous_8)
FN:54,(anonymous_9)
FN:62,(anonymous_10)
FN:82,(anonymous_11)
FN:92,(anonymous_12)
FN:94,(anonymous_13)
FN:99,(anonymous_14)
FN:112,(anonymous_15)
FN:122,(anonymous_16)
FN:133,(anonymous_17)
FNF:17
FNH:17
FNDA:1,(anonymous_1)
FNDA:7,(anonymous_2)
FNDA:7,(anonymous_3)
FNDA:22,(anonymous_4)
FNDA:7,(anonymous_5)
FNDA:7,(anonymous_6)
FNDA:6,(anonymous_7)
FNDA:7,(anonymous_8)
FNDA:1,(anonymous_9)
FNDA:1,(anonymous_10)
FNDA:1,(anonymous_11)
FNDA:1,(anonymous_12)
FNDA:4,(anonymous_13)
FNDA:1,(anonymous_14)
FNDA:1,(anonymous_15)
FNDA:1,(anonymous_16)
FNDA:1,(anonymous_17)
DA:4,1
DA:5,1
DA:6,1
DA:7,1
DA:9,1
DA:12,1
DA:13,1
DA:14,1
DA:15,1
DA:17,1
DA:19,7
DA:20,7
DA:22,7
DA:23,22
DA:24,22
DA:27,7
DA:29,7
DA:33,7
DA:34,7
DA:35,7
DA:36,7
DA:37,7
DA:39,7
DA:40,7
DA:44,1
DA:46,7
DA:47,7
DA:48,7
DA:49,7
DA:50,7
DA:54,1
DA:56,1
DA:57,1
DA:58,1
DA:62,1
DA:65,1
DA:66,1
DA:67,1
DA:68,1
DA:69,1
DA:71,1
DA:72,1
DA:73,1
DA:75,1
DA:76,1
DA:82,1
DA:84,1
DA:85,1
DA:86,1
DA:87,1
DA:92,1
DA:94,1
DA:95,4
DA:99,1
DA:101,1
DA:102,1
DA:103,1
DA:104,1
DA:105,1
DA:106,1
DA:107,1
DA:112,1
DA:114,1
DA:115,1
DA:116,1
DA:117,1
DA:118,1
DA:122,1
DA:124,1
DA:125,1
DA:126,1
DA:127,1
DA:128,1
DA:129,1
DA:133,1
DA:135,1
DA:136,1
DA:137,1
DA:138,1
DA:139,1
LF:80
LH:80
BRF:0
BRH:0
end_of_record
TN:
SF:/Users/arun.bakthavatchalam/skunkWorks/scraping/src/nndb.js
FN:5,(anonymous_1)
FN:19,(anonymous_2)
FN:24,(anonymous_3)
FN:34,(anonymous_4)
FN:38,(anonymous_5)
FN:45,(anonymous_6)
FN:56,(anonymous_7)
FN:64,(anonymous_8)
FN:73,(anonymous_9)
FN:81,removeNoMoreResultsToken
FN:87,(anonymous_11)
FN:102,scrapeAdditionalInfoForJudge
FN:108,(anonymous_13)
FN:112,(anonymous_14)
FN:115,(anonymous_15)
FNF:15
FNH:12
FNDA:8,(anonymous_1)
FNDA:4,(anonymous_2)
FNDA:8,(anonymous_3)
FNDA:0,(anonymous_4)
FNDA:4,(anonymous_5)
FNDA:4,(anonymous_6)
FNDA:0,(anonymous_7)
FNDA:2,(anonymous_8)
FNDA:2,(anonymous_9)
FNDA:2,removeNoMoreResultsToken
FNDA:4,(anonymous_11)
FNDA:4,scrapeAdditionalInfoForJudge
FNDA:14,(anonymous_13)
FNDA:0,(anonymous_14)
FNDA:8,(anonymous_15)
DA:5,1
DA:7,8
DA:8,8
DA:9,8
DA:10,8
DA:11,8
DA:12,8
DA:13,8
DA:17,1
DA:19,1
DA:21,4
DA:22,4
DA:24,4
DA:26,8
DA:28,8
DA:29,6
DA:34,4
DA:38,4
DA:39,4
DA:45,1
DA:47,4
DA:48,4
DA:50,4
DA:52,4
DA:53,4
DA:56,4
DA:64,1
DA:66,2
DA:67,1
DA:69,1
DA:73,1
DA:75,2
DA:76,2
DA:77,2
DA:78,2
DA:81,1
DA:82,2
DA:83,3
DA:87,1
DA:89,4
DA:90,4
DA:92,4
DA:93,4
DA:95,4
DA:96,4
DA:102,1
DA:104,4
DA:105,4
DA:107,4
DA:108,4
DA:109,14
DA:112,4
DA:115,4
DA:116,8
DA:117,8
DA:118,8
DA:119,4
DA:120,8
DA:125,1
LF:59
LH:59
BRDA:28,1,0,6
BRDA:28,1,1,2
BRDA:48,2,0,4
BRDA:48,2,1,0
BRDA:50,3,0,4
BRDA:50,3,1,0
BRDA:66,4,0,1
BRDA:66,4,1,1
BRDA:66,5,0,2
BRDA:66,5,1,1
BRDA:118,6,0,4
BRDA:118,6,1,4
BRF:12
BRH:10
end_of_record
