TN:
SF:/Users/arun.bakthavatchalam/skunkWorks/scraping/spec/nndb_spec.js
FN:9,(anonymous_1)
FN:18,(anonymous_2)
FN:20,(anonymous_3)
FN:23,(anonymous_4)
FN:31,(anonymous_5)
FN:34,(anonymous_6)
FN:38,(anonymous_7)
FN:42,(anonymous_8)
FN:47,(anonymous_9)
FN:57,(anonymous_10)
FN:77,(anonymous_11)
FN:87,(anonymous_12)
FN:89,(anonymous_13)
FN:104,(anonymous_14)
FN:111,(anonymous_15)
FN:122,(anonymous_16)
FN:125,(anonymous_17)
FN:138,(anonymous_18)
FN:144,(anonymous_19)
FNF:19
FNH:19
FNDA:1,(anonymous_1)
FNDA:7,(anonymous_2)
FNDA:7,(anonymous_3)
FNDA:32,(anonymous_4)
FNDA:7,(anonymous_5)
FNDA:7,(anonymous_6)
FNDA:6,(anonymous_7)
FNDA:2,(anonymous_8)
FNDA:1,(anonymous_9)
FNDA:1,(anonymous_10)
FNDA:1,(anonymous_11)
FNDA:1,(anonymous_12)
FNDA:2,(anonymous_13)
FNDA:1,(anonymous_14)
FNDA:1,(anonymous_15)
FNDA:1,(anonymous_16)
FNDA:2,(anonymous_17)
FNDA:1,(anonymous_18)
FNDA:1,(anonymous_19)
DA:4,1
DA:5,1
DA:6,1
DA:7,1
DA:9,1
DA:12,1
DA:13,1
DA:14,1
DA:15,1
DA:16,1
DA:18,1
DA:20,7
DA:21,7
DA:23,7
DA:24,32
DA:25,32
DA:28,7
DA:30,7
DA:34,7
DA:35,7
DA:36,7
DA:37,7
DA:38,7
DA:40,7
DA:41,7
DA:42,7
DA:47,1
DA:49,1
DA:50,1
DA:51,1
DA:52,1
DA:53,1
DA:57,1
DA:60,1
DA:61,1
DA:62,1
DA:63,1
DA:64,1
DA:66,1
DA:67,1
DA:68,1
DA:70,1
DA:71,1
DA:77,1
DA:79,1
DA:80,1
DA:81,1
DA:82,1
DA:83,1
DA:87,1
DA:89,1
DA:90,2
DA:91,2
DA:92,2
DA:93,2
DA:94,2
DA:95,2
DA:96,2
DA:97,2
DA:98,2
DA:99,2
DA:104,1
DA:106,1
DA:107,1
DA:111,1
DA:113,1
DA:122,1
DA:125,1
DA:126,2
DA:127,2
DA:128,2
DA:129,2
DA:130,2
DA:131,2
DA:132,2
DA:133,2
DA:134,2
DA:138,1
DA:140,1
DA:144,1
DA:146,1
LF:81
LH:81
BRF:0
BRH:0
end_of_record
TN:
SF:/Users/arun.bakthavatchalam/skunkWorks/scraping/src/nndb.js
FN:6,(anonymous_1)
FN:20,(anonymous_2)
FN:25,(anonymous_3)
FN:34,(anonymous_4)
FN:38,(anonymous_5)
FN:45,(anonymous_6)
FN:56,(anonymous_7)
FN:62,(anonymous_8)
FN:68,(anonymous_9)
FN:77,(anonymous_10)
FN:81,(anonymous_11)
FN:91,removeNoMoreResultsToken
FN:97,(anonymous_13)
FN:111,throttleScraping
FN:116,(anonymous_15)
FN:125,scrapeAdditionalInfoForJudge
FN:132,(anonymous_17)
FN:136,(anonymous_18)
FN:140,(anonymous_19)
FN:161,(anonymous_20)
FNF:20
FNH:13
FNDA:7,(anonymous_1)
FNDA:3,(anonymous_2)
FNDA:6,(anonymous_3)
FNDA:0,(anonymous_4)
FNDA:3,(anonymous_5)
FNDA:3,(anonymous_6)
FNDA:0,(anonymous_7)
FNDA:0,(anonymous_8)
FNDA:2,(anonymous_9)
FNDA:0,(anonymous_10)
FNDA:2,(anonymous_11)
FNDA:2,removeNoMoreResultsToken
FNDA:4,(anonymous_13)
FNDA:4,throttleScraping
FNDA:0,(anonymous_15)
FNDA:4,scrapeAdditionalInfoForJudge
FNDA:26,(anonymous_17)
FNDA:0,(anonymous_18)
FNDA:4,(anonymous_19)
FNDA:0,(anonymous_20)
DA:4,1
DA:6,1
DA:8,7
DA:9,7
DA:10,7
DA:11,7
DA:12,7
DA:13,7
DA:14,7
DA:15,7
DA:20,1
DA:22,3
DA:23,3
DA:25,3
DA:27,6
DA:28,6
DA:29,4
DA:34,3
DA:38,3
DA:39,3
DA:45,1
DA:47,3
DA:48,3
DA:50,3
DA:52,3
DA:53,3
DA:56,3
DA:59,0
DA:60,0
DA:62,0
DA:68,1
DA:70,2
DA:71,1
DA:73,1
DA:77,1
DA:78,0
DA:81,1
DA:83,2
DA:84,2
DA:85,2
DA:86,2
DA:91,1
DA:92,2
DA:93,3
DA:97,1
DA:99,4
DA:100,4
DA:102,4
DA:104,4
DA:105,4
DA:111,1
DA:113,4
DA:114,4
DA:116,0
DA:117,0
DA:123,1
DA:125,1
DA:127,4
DA:128,4
DA:129,4
DA:131,4
DA:132,4
DA:133,26
DA:136,4
DA:140,4
DA:141,4
DA:142,4
DA:143,0
DA:145,4
DA:146,0
DA:148,4
DA:150,4
DA:151,4
DA:157,4
DA:158,2
DA:159,4
DA:160,4
DA:161,4
DA:162,0
DA:163,0
DA:170,1
LF:81
LH:71
BRDA:28,1,0,4
BRDA:28,1,1,2
BRDA:48,2,0,3
BRDA:48,2,1,0
BRDA:50,3,0,3
BRDA:50,3,1,0
BRDA:59,4,0,0
BRDA:59,4,1,0
BRDA:70,5,0,1
BRDA:70,5,1,1
BRDA:70,6,0,2
BRDA:70,6,1,1
BRDA:113,7,0,4
BRDA:113,7,1,0
BRDA:142,8,0,0
BRDA:142,8,1,4
BRDA:145,9,0,0
BRDA:145,9,1,4
BRDA:146,10,0,0
BRDA:146,10,1,0
BRDA:148,11,0,4
BRDA:148,11,1,0
BRDA:157,12,0,2
BRDA:157,12,1,2
BRDA:160,13,0,4
BRDA:160,13,1,0
BRDA:162,14,0,0
BRDA:162,14,1,0
BRF:28
BRH:15
end_of_record
TN:
SF:/Users/arun.bakthavatchalam/skunkWorks/scraping/spec/nndb_webserver_spec.js
FN:8,(anonymous_1)
FN:15,(anonymous_2)
FN:109,(anonymous_3)
FNF:3
FNH:3
FNDA:1,(anonymous_1)
FNDA:1,(anonymous_2)
FNDA:1,(anonymous_3)
DA:5,1
DA:6,1
DA:8,1
DA:10,1
DA:11,1
DA:12,1
DA:13,1
DA:15,1
DA:17,1
DA:102,1
DA:103,1
DA:104,1
DA:105,1
DA:109,1
DA:110,1
DA:111,1
DA:112,1
DA:113,1
DA:114,1
LF:19
LH:19
BRF:0
BRH:0
end_of_record
TN:
SF:/Users/arun.bakthavatchalam/skunkWorks/scraping/src/nndb_webserver.js
FN:7,(anonymous_1)
FN:13,(anonymous_2)
FN:20,(anonymous_3)
FN:40,(anonymous_4)
FN:57,(anonymous_5)
FN:63,(anonymous_6)
FN:67,(anonymous_7)
FN:89,notFound
FN:95,badRequest
FN:101,(anonymous_10)
FN:104,(anonymous_11)
FN:115,insertJudgeForState
FNF:12
FNH:4
FNDA:1,(anonymous_1)
FNDA:0,(anonymous_2)
FNDA:0,(anonymous_3)
FNDA:0,(anonymous_4)
FNDA:0,(anonymous_5)
FNDA:0,(anonymous_6)
FNDA:0,(anonymous_7)
FNDA:0,notFound
FNDA:0,badRequest
FNDA:1,(anonymous_10)
FNDA:26,(anonymous_11)
FNDA:26,insertJudgeForState
DA:4,1
DA:5,1
DA:7,1
DA:9,1
DA:13,1
DA:15,0
DA:16,0
DA:18,0
DA:20,0
DA:21,0
DA:22,0
DA:24,0
DA:25,0
DA:28,0
DA:31,0
DA:35,0
DA:40,1
DA:42,0
DA:44,0
DA:45,0
DA:47,0
DA:49,0
DA:51,0
DA:52,0
DA:53,0
DA:56,0
DA:57,0
DA:59,0
DA:60,0
DA:61,0
DA:63,0
DA:64,0
DA:67,0
DA:68,0
DA:69,0
DA:71,0
DA:78,0
DA:79,0
DA:84,0
DA:85,0
DA:86,0
DA:89,1
DA:90,0
DA:91,0
DA:92,0
DA:95,1
DA:96,0
DA:97,0
DA:98,0
DA:101,1
DA:103,1
DA:104,1
DA:105,26
DA:106,0
DA:107,26
DA:108,6
DA:110,20
DA:115,1
DA:117,26
DA:118,12
DA:120,26
LF:61
LH:19
BRDA:21,1,0,0
BRDA:21,1,1,0
BRDA:22,2,0,0
BRDA:22,2,1,0
BRDA:52,3,0,0
BRDA:52,3,1,0
BRDA:59,4,0,0
BRDA:59,4,1,0
BRDA:64,5,0,0
BRDA:64,5,1,0
BRDA:64,6,0,0
BRDA:64,6,1,0
BRDA:68,7,0,0
BRDA:68,7,1,0
BRDA:105,8,0,0
BRDA:105,8,1,26
BRDA:107,9,0,6
BRDA:107,9,1,20
BRDA:117,10,0,12
BRDA:117,10,1,14
BRF:20
BRH:5
end_of_record
TN:
SF:/Users/arun.bakthavatchalam/skunkWorks/scraping/src/nndb_runner.js
FN:8,(anonymous_1)
FN:14,(anonymous_2)
FN:20,(anonymous_3)
FN:25,(anonymous_4)
FN:29,(anonymous_5)
FN:33,(anonymous_6)
FN:38,(anonymous_7)
FNF:7
FNH:1
FNDA:1,(anonymous_1)
FNDA:0,(anonymous_2)
FNDA:0,(anonymous_3)
FNDA:0,(anonymous_4)
FNDA:0,(anonymous_5)
FNDA:0,(anonymous_6)
FNDA:0,(anonymous_7)
DA:4,1
DA:5,1
DA:6,1
DA:8,1
DA:10,1
DA:14,1
DA:16,0
DA:18,0
DA:21,0
DA:22,0
DA:26,0
DA:27,0
DA:30,0
DA:31,0
DA:34,0
DA:35,0
LF:16
LH:6
BRF:0
BRH:0
end_of_record
